2025-04-30 18:16:36,695 - services.py - <module> - INFO: Запуск функции сервиса по выбраному поиску |По описанию|По номеру телефона|По переводу физ лицам| 
2025-04-30 18:17:23,708 - services.py - <module> - INFO: Запуск функции сервиса по выбраному поиску |По описанию|По номеру телефона|По переводу физ лицам| 
2025-04-30 18:18:20,083 - services.py - <module> - INFO: Запуск функции сервиса по выбраному поиску |По описанию|По номеру телефона|По переводу физ лицам| 
2025-04-30 18:19:10,595 - services.py - main_services - INFO: Успех! Выбран поиск по номеру телефона
2025-04-30 18:20:43,324 - services.py - <module> - INFO: Запуск функции сервиса по выбраному поиску |По описанию|По номеру телефона|По переводу физ лицам| 
2025-04-30 18:22:08,888 - services.py - main_services - INFO: Успех! Выбран поиск по переводам физ лицам
2025-04-30 19:41:47,230 - services.py - <module> - INFO: Запуск функции сервиса по выбраному поиску |По описанию|По номеру телефона|По переводу физ лицам| 
2025-04-30 19:41:48,619 - services.py - main_services - INFO: Успех! Выбран поиск по описанию | категории
2025-04-30 19:41:49,802 - services.py - main_services - INFO: Успех! Выбран поиск по номеру телефона
2025-04-30 19:41:50,963 - services.py - main_services - INFO: Успех! Выбран поиск по переводам физ лицам
2025-04-30 19:41:50,967 - services.py - main_services - ERROR: error: Неверный выбор
2025-04-30 19:41:52,131 - services.py - main_services - INFO: Успех! Выбран поиск по номеру телефона
2025-04-30 19:41:52,134 - services.py - main_services - ERROR: error: Неверный выбор
2025-04-30 19:43:49,624 - services.py - <module> - INFO: Запуск функции сервиса по выбраному поиску |По описанию|По номеру телефона|По переводу физ лицам| 
2025-04-30 19:43:51,728 - services.py - main_services - INFO: Успех! Выбран поиск по описанию | категории
2025-04-30 19:43:52,918 - services.py - main_services - INFO: Успех! Выбран поиск по номеру телефона
2025-04-30 19:43:54,079 - services.py - main_services - INFO: Успех! Выбран поиск по переводам физ лицам
2025-04-30 19:43:54,083 - services.py - main_services - ERROR: error: Неверный выбор
2025-04-30 19:43:55,241 - services.py - main_services - INFO: Успех! Выбран поиск по номеру телефона
2025-04-30 19:43:55,244 - services.py - main_services - ERROR: error: Неверный выбор
2025-04-30 21:38:12,216 - services.py - main_services - INFO: Запуск функции сервиса по выбраному поиску |По описанию|По номеру телефона|По переводу физ лицам| 
2025-04-30 21:38:55,940 - services.py - main_services - INFO: Успех! Выбран поиск по описанию | категории
2025-04-30 21:40:21,206 - services.py - main_services - INFO: Запуск функции сервиса по выбраному поиску |По описанию|По номеру телефона|По переводу физ лицам| 
2025-04-30 21:40:31,811 - services.py - main_services - INFO: Успех! Выбран поиск по описанию | категории
2025-04-30 21:43:26,252 - services.py - main_services - INFO: Запуск функции сервиса по выбраному поиску |По описанию|По номеру телефона|По переводу физ лицам| 
2025-04-30 21:43:29,103 - services.py - main_services - INFO: Успех! Выбран поиск по номеру телефона
2025-04-30 21:43:57,776 - services.py - main_services - INFO: Запуск функции сервиса по выбраному поиску |По описанию|По номеру телефона|По переводу физ лицам| 
2025-04-30 21:44:03,243 - services.py - main_services - INFO: Успех! Выбран поиск по переводам физ лицам
2025-04-30 21:44:36,268 - services.py - main_services - INFO: Запуск функции сервиса по выбраному поиску |По описанию|По номеру телефона|По переводу физ лицам| 
2025-04-30 21:44:40,939 - services.py - main_services - ERROR: error: Неверный выбор
2025-04-30 21:49:49,510 - services.py - main_services - INFO: Запуск функции сервиса по выбраному поиску |По описанию|По номеру телефона|По переводу физ лицам| 
2025-04-30 21:49:54,589 - services.py - main_services - INFO: Успех! Выбран поиск по номеру телефона
2025-05-01 00:54:43,922 - services.py - main_services - INFO: Запуск функции сервиса по выбраному поиску |По описанию|По номеру телефона|По переводу физ лицам| 
2025-05-01 00:54:45,938 - services.py - main_services - INFO: Успех! Выбран поиск по описанию | категории
2025-05-01 00:54:46,052 - services.py - main_services - INFO: Запуск функции сервиса по выбраному поиску |По описанию|По номеру телефона|По переводу физ лицам| 
2025-05-01 00:54:47,235 - services.py - main_services - INFO: Успех! Выбран поиск по номеру телефона
2025-05-01 00:54:47,242 - services.py - main_services - INFO: Запуск функции сервиса по выбраному поиску |По описанию|По номеру телефона|По переводу физ лицам| 
2025-05-01 00:54:48,403 - services.py - main_services - INFO: Успех! Выбран поиск по переводам физ лицам
2025-05-01 00:54:48,410 - services.py - main_services - INFO: Запуск функции сервиса по выбраному поиску |По описанию|По номеру телефона|По переводу физ лицам| 
2025-05-01 00:54:48,410 - services.py - main_services - ERROR: error: Неверный выбор
2025-05-01 00:54:48,412 - services.py - main_services - INFO: Запуск функции сервиса по выбраному поиску |По описанию|По номеру телефона|По переводу физ лицам| 
2025-05-01 00:54:49,573 - services.py - main_services - INFO: Успех! Выбран поиск по номеру телефона
2025-05-01 00:54:49,579 - services.py - main_services - INFO: Запуск функции сервиса по выбраному поиску |По описанию|По номеру телефона|По переводу физ лицам| 
2025-05-01 00:54:49,579 - services.py - main_services - ERROR: error: Неверный выбор
2025-05-01 00:55:23,998 - services.py - main_services - INFO: Запуск функции сервиса по выбраному поиску |По описанию|По номеру телефона|По переводу физ лицам| 
2025-05-01 00:55:25,330 - services.py - main_services - INFO: Успех! Выбран поиск по описанию | категории
2025-05-01 00:55:25,449 - services.py - main_services - INFO: Запуск функции сервиса по выбраному поиску |По описанию|По номеру телефона|По переводу физ лицам| 
2025-05-01 00:55:26,626 - services.py - main_services - INFO: Успех! Выбран поиск по номеру телефона
2025-05-01 00:55:26,680 - services.py - main_services - INFO: Запуск функции сервиса по выбраному поиску |По описанию|По номеру телефона|По переводу физ лицам| 
2025-05-01 00:55:27,849 - services.py - main_services - INFO: Успех! Выбран поиск по переводам физ лицам
2025-05-01 00:55:28,018 - services.py - main_services - INFO: Запуск функции сервиса по выбраному поиску |По описанию|По номеру телефона|По переводу физ лицам| 
2025-05-01 00:55:28,018 - services.py - main_services - ERROR: error: Неверный выбор
2025-05-01 00:55:28,022 - services.py - main_services - INFO: Запуск функции сервиса по выбраному поиску |По описанию|По номеру телефона|По переводу физ лицам| 
2025-05-01 00:55:29,233 - services.py - main_services - INFO: Успех! Выбран поиск по номеру телефона
2025-05-01 00:55:29,283 - services.py - main_services - INFO: Запуск функции сервиса по выбраному поиску |По описанию|По номеру телефона|По переводу физ лицам| 
2025-05-01 00:55:29,283 - services.py - main_services - ERROR: error: Неверный выбор
2025-05-01 00:57:20,742 - services.py - main_services - INFO: Запуск функции сервиса по выбраному поиску |По описанию|По номеру телефона|По переводу физ лицам| 
2025-05-01 00:57:22,076 - services.py - main_services - INFO: Успех! Выбран поиск по описанию | категории
2025-05-01 00:57:22,079 - services.py - main_services - INFO: Запуск функции сервиса по выбраному поиску |По описанию|По номеру телефона|По переводу физ лицам| 
2025-05-01 00:57:23,310 - services.py - main_services - INFO: Успех! Выбран поиск по номеру телефона
2025-05-01 00:57:23,314 - services.py - main_services - INFO: Запуск функции сервиса по выбраному поиску |По описанию|По номеру телефона|По переводу физ лицам| 
2025-05-01 00:57:24,509 - services.py - main_services - INFO: Успех! Выбран поиск по переводам физ лицам
2025-05-01 00:57:24,513 - services.py - main_services - INFO: Запуск функции сервиса по выбраному поиску |По описанию|По номеру телефона|По переводу физ лицам| 
2025-05-01 00:57:24,513 - services.py - main_services - ERROR: error: Неверный выбор
2025-05-01 00:57:24,515 - services.py - main_services - INFO: Запуск функции сервиса по выбраному поиску |По описанию|По номеру телефона|По переводу физ лицам| 
2025-05-01 00:57:25,720 - services.py - main_services - INFO: Успех! Выбран поиск по номеру телефона
2025-05-01 00:57:25,723 - services.py - main_services - INFO: Запуск функции сервиса по выбраному поиску |По описанию|По номеру телефона|По переводу физ лицам| 
2025-05-01 00:57:25,723 - services.py - main_services - ERROR: error: Неверный выбор
