2025-04-25 18:46:25,905 - utils - INFO - Запуск функции изменения формата даты и времени
2025-04-25 18:46:25,905 - utils - INFO - Успех! Данные даты и времени успешно изменены
2025-04-25 18:46:25,905 - utils - INFO - Запуск функции среза по дате в excel файле
2025-04-25 18:46:26,552 - utils - INFO - Успех! Получен срез даты от и до
2025-04-25 18:46:26,552 - utils - INFO - Запуск функции приветствия
2025-04-25 18:46:26,552 - utils - INFO - Успех! Добрый вечер, при актуальном времени 18 вечера до 22 вечера
2025-04-25 18:46:26,552 - utils - INFO - Запуск функции со списком карт по которым были расходы
2025-04-25 18:46:26,556 - utils - INFO - Успех! Данные получены без ошибок
2025-04-25 18:46:26,556 - utils - INFO - Запуск функции по топ-транзакциям
2025-04-25 18:46:26,556 - utils - INFO - Успех! Получен топ-5 по сумме платежа
2025-04-25 18:46:26,556 - utils - INFO - Запуск функции которая получает актуальный курс валют
2025-04-25 18:46:27,861 - utils - INFO - Успех! Получен курс валют
2025-04-25 18:46:27,861 - utils - INFO - Запуск функции которая получает актуальный курс акций SP500
2025-04-25 18:46:28,706 - utils - INFO - Успех! Получен курс акций SP500
2025-04-25 19:46:25,058 - utils - INFO - Запуск функции изменения формата даты и времени
2025-04-25 19:46:25,060 - utils - INFO - Успех! Данные даты и времени успешно изменены
2025-04-25 19:46:25,060 - utils - INFO - Запуск функции среза по дате в excel файле
2025-04-25 19:46:26,435 - utils - INFO - Успех! Получен срез даты от и до
2025-04-25 19:46:26,435 - utils - INFO - Запуск функции приветствия
2025-04-25 19:46:26,435 - utils - INFO - Успех! Добрый вечер, при актуальном времени 18 вечера до 22 вечера
2025-04-25 19:46:26,436 - utils - INFO - Запуск функции со списком карт по которым были расходы
2025-04-25 19:46:26,436 - utils - INFO - Успех! Данные получены без ошибок
2025-04-25 19:46:26,436 - utils - INFO - Запуск функции по топ-транзакциям
2025-04-25 19:46:26,437 - utils - INFO - Успех! Получен топ-5 по сумме платежа
2025-04-25 19:46:26,437 - utils - INFO - Запуск функции которая получает актуальный курс валют
2025-04-25 19:46:28,324 - utils - INFO - Успех! Получен курс валют
2025-04-25 19:46:28,324 - utils - INFO - Запуск функции которая получает актуальный курс акций SP500
2025-04-25 19:46:46,435 - utils - INFO - Успех! Получен курс акций SP500
2025-04-25 19:46:46,439 - utils - INFO - Запуск функции изменения формата даты и времени
2025-04-25 19:49:43,985 - utils - INFO - Запуск функции изменения формата даты и времени
2025-04-25 19:49:43,987 - utils - INFO - Успех! Данные даты и времени успешно изменены
2025-04-25 19:49:43,987 - utils - INFO - Запуск функции среза по дате в excel файле
2025-04-25 19:49:45,363 - utils - INFO - Успех! Получен срез даты от и до
2025-04-25 19:49:45,364 - utils - INFO - Запуск функции приветствия
2025-04-25 19:49:45,364 - utils - INFO - Успех! Добрый вечер, при актуальном времени 18 вечера до 22 вечера
2025-04-25 19:49:45,364 - utils - INFO - Запуск функции со списком карт по которым были расходы
2025-04-25 19:49:45,365 - utils - INFO - Успех! Данные получены без ошибок
2025-04-25 19:49:45,365 - utils - INFO - Запуск функции по топ-транзакциям
2025-04-25 19:49:45,366 - utils - INFO - Успех! Получен топ-5 по сумме платежа
2025-04-25 19:49:45,366 - utils - INFO - Запуск функции которая получает актуальный курс валют
2025-04-25 19:50:22,380 - utils - INFO - Успех! Получен курс валют
2025-04-25 19:50:22,381 - utils - INFO - Запуск функции которая получает актуальный курс акций SP500
2025-04-25 19:50:23,123 - utils - INFO - Успех! Получен курс акций SP500
2025-04-25 19:50:23,141 - utils - INFO - Запуск функции изменения формата даты и времени
2025-04-25 19:50:23,141 - utils - INFO - Успех! Данные даты и времени успешно изменены
2025-04-25 19:50:23,141 - utils - INFO - Запуск функции среза по дате в excel файле
2025-04-25 19:50:24,406 - utils - INFO - Успех! Получен срез даты от и до
2025-04-25 19:50:24,406 - utils - INFO - Запуск функции приветствия
2025-04-25 19:50:24,406 - utils - INFO - Успех! Добрый вечер, при актуальном времени 18 вечера до 22 вечера
2025-04-25 19:50:24,407 - utils - INFO - Запуск функции со списком карт по которым были расходы
2025-04-25 19:50:24,407 - utils - INFO - Успех! Данные получены без ошибок
2025-04-25 19:50:24,408 - utils - INFO - Запуск функции по топ-транзакциям
2025-04-25 19:50:24,409 - utils - INFO - Успех! Получен топ-5 по сумме платежа
2025-04-25 19:50:24,409 - utils - INFO - Запуск функции которая получает актуальный курс валют
2025-04-25 19:50:25,639 - utils - INFO - Успех! Получен курс валют
2025-04-25 19:50:25,640 - utils - INFO - Запуск функции которая получает актуальный курс акций SP500
2025-04-25 19:50:28,686 - utils - INFO - Запуск функции изменения формата даты и времени
2025-04-25 19:50:28,686 - utils - INFO - Успех! Данные даты и времени успешно изменены
2025-04-25 19:50:28,686 - utils - INFO - Запуск функции среза по дате в excel файле
2025-04-25 19:50:29,968 - utils - INFO - Успех! Получен срез даты от и до
2025-04-25 19:50:29,968 - utils - INFO - Запуск функции приветствия
2025-04-25 19:50:29,968 - utils - INFO - Успех! Добрый вечер, при актуальном времени 18 вечера до 22 вечера
2025-04-25 19:50:29,968 - utils - INFO - Запуск функции со списком карт по которым были расходы
2025-04-25 19:50:29,969 - utils - INFO - Успех! Данные получены без ошибок
2025-04-25 19:50:29,969 - utils - INFO - Запуск функции по топ-транзакциям
2025-04-25 19:50:29,970 - utils - INFO - Успех! Получен топ-5 по сумме платежа
2025-04-25 19:50:29,970 - utils - INFO - Запуск функции которая получает актуальный курс валют
2025-04-25 19:50:31,055 - utils - INFO - Успех! Получен курс валют
2025-04-25 19:50:31,056 - utils - INFO - Запуск функции которая получает актуальный курс акций SP500
2025-04-25 19:50:31,565 - utils - INFO - Запуск функции изменения формата даты и времени
2025-04-25 19:50:31,565 - utils - INFO - Успех! Данные даты и времени успешно изменены
2025-04-25 19:50:31,565 - utils - INFO - Запуск функции среза по дате в excel файле
2025-04-25 19:50:32,778 - utils - INFO - Успех! Получен срез даты от и до
2025-04-25 19:50:32,778 - utils - INFO - Запуск функции приветствия
2025-04-25 19:50:32,779 - utils - INFO - Успех! Добрый вечер, при актуальном времени 18 вечера до 22 вечера
2025-04-25 19:50:32,779 - utils - INFO - Запуск функции со списком карт по которым были расходы
2025-04-25 19:50:32,779 - utils - INFO - Успех! Данные получены без ошибок
2025-04-25 19:50:32,779 - utils - INFO - Запуск функции по топ-транзакциям
2025-04-25 19:50:32,780 - utils - INFO - Успех! Получен топ-5 по сумме платежа
2025-04-25 19:50:32,780 - utils - INFO - Запуск функции которая получает актуальный курс валют
2025-04-25 19:50:33,753 - utils - INFO - Успех! Получен курс валют
2025-04-25 19:50:33,754 - utils - INFO - Запуск функции которая получает актуальный курс акций SP500
2025-04-25 19:50:34,364 - utils - INFO - Запуск функции изменения формата даты и времени
2025-04-25 19:50:34,364 - utils - INFO - Успех! Данные даты и времени успешно изменены
2025-04-25 19:50:34,364 - utils - INFO - Запуск функции среза по дате в excel файле
2025-04-25 19:50:35,606 - utils - INFO - Успех! Получен срез даты от и до
2025-04-25 19:50:35,607 - utils - INFO - Запуск функции приветствия
2025-04-25 19:50:35,607 - utils - INFO - Успех! Добрый вечер, при актуальном времени 18 вечера до 22 вечера
2025-04-25 19:50:35,607 - utils - INFO - Запуск функции со списком карт по которым были расходы
2025-04-25 19:50:35,608 - utils - INFO - Успех! Данные получены без ошибок
2025-04-25 19:50:35,608 - utils - INFO - Запуск функции по топ-транзакциям
2025-04-25 19:50:35,609 - utils - INFO - Успех! Получен топ-5 по сумме платежа
2025-04-25 19:50:35,609 - utils - INFO - Запуск функции которая получает актуальный курс валют
2025-04-25 19:50:37,059 - utils - INFO - Успех! Получен курс валют
2025-04-25 19:50:37,059 - utils - INFO - Запуск функции которая получает актуальный курс акций SP500
2025-04-25 19:50:37,518 - utils - INFO - Запуск функции изменения формата даты и времени
2025-04-25 20:55:22,076 - utils - INFO - Запуск функции изменения формата даты и времени
2025-04-25 20:55:22,076 - utils - INFO - Успех! Данные даты и времени успешно изменены
2025-04-25 20:55:22,076 - utils - INFO - Запуск функции среза по дате в excel файле
2025-04-25 20:55:22,732 - utils - INFO - Успех! Получен срез даты от и до
2025-04-25 20:55:22,732 - utils - INFO - Запуск функции приветствия
2025-04-25 20:55:22,732 - utils - INFO - Успех! Добрый вечер, при актуальном времени 18 вечера до 22 вечера
2025-04-25 20:55:22,732 - utils - INFO - Запуск функции со списком карт по которым были расходы
2025-04-25 20:55:22,735 - utils - INFO - Успех! Данные получены без ошибок
2025-04-25 20:55:22,735 - utils - INFO - Запуск функции по топ-транзакциям
2025-04-25 20:55:22,736 - utils - INFO - Успех! Получен топ-5 по сумме платежа
2025-04-25 20:55:22,736 - utils - INFO - Запуск функции которая получает актуальный курс валют
2025-04-25 20:55:24,089 - utils - INFO - Успех! Получен курс валют
2025-04-25 20:55:24,089 - utils - INFO - Запуск функции которая получает актуальный курс акций SP500
2025-04-25 20:55:25,035 - utils - INFO - Успех! Получен курс акций SP500
2025-04-25 21:34:44,735 - utils - INFO - Запуск функции изменения формата даты и времени
2025-04-25 21:34:44,735 - utils - INFO - Успех! Данные даты и времени успешно изменены
2025-04-25 21:34:44,735 - utils - INFO - Запуск функции среза по дате в excel файле
2025-04-25 21:34:45,370 - utils - INFO - Успех! Получен срез даты от и до
2025-04-25 21:34:45,370 - utils - INFO - Запуск функции приветствия
2025-04-25 21:34:45,370 - utils - INFO - Успех! Добрый вечер, при актуальном времени 18 вечера до 22 вечера
2025-04-25 21:34:45,370 - utils - INFO - Запуск функции со списком карт по которым были расходы
2025-04-25 21:34:45,373 - utils - INFO - Успех! Данные получены без ошибок
2025-04-25 21:34:45,373 - utils - INFO - Запуск функции по топ-транзакциям
2025-04-25 21:34:45,374 - utils - INFO - Успех! Получен топ-5 по сумме платежа
2025-04-25 21:34:45,374 - utils - INFO - Запуск функции которая получает актуальный курс валют
2025-04-25 21:34:46,836 - utils - INFO - Успех! Получен курс валют
2025-04-25 21:34:46,836 - utils - INFO - Запуск функции которая получает актуальный курс акций SP500
2025-04-25 21:34:47,479 - utils - INFO - Успех! Получен курс акций SP500
2025-04-25 22:47:30,658 - utils - INFO - Запуск функции изменения формата даты и времени
2025-04-25 22:47:30,659 - utils - INFO - Успех! Данные даты и времени успешно изменены
2025-04-25 22:47:30,659 - utils - INFO - Запуск функции среза по дате в excel файле
2025-04-25 22:47:31,292 - utils - INFO - Успех! Получен срез даты от и до
2025-04-25 22:47:31,292 - utils - INFO - Запуск функции приветствия
2025-04-25 22:47:31,292 - utils - INFO - Успех! Доброй ночи, при актуальном времени с 22 часов вечера до 5 утра
2025-04-25 22:47:31,292 - utils - INFO - Запуск функции со списком карт по которым были расходы
2025-04-25 22:47:31,296 - utils - INFO - Успех! Данные получены без ошибок
2025-04-25 22:47:31,296 - utils - INFO - Запуск функции по топ-транзакциям
2025-04-25 22:47:31,296 - utils - INFO - Успех! Получен топ-5 по сумме платежа
2025-04-25 22:47:31,296 - utils - INFO - Запуск функции которая получает актуальный курс валют
2025-04-25 22:47:32,657 - utils - INFO - Успех! Получен курс валют
2025-04-25 22:47:32,657 - utils - INFO - Запуск функции которая получает актуальный курс акций SP500
2025-04-25 22:47:33,376 - utils - INFO - Успех! Получен курс акций SP500
2025-04-30 18:16:36,698 - utils.py - get_data_time - INFO: Запуск функции изменения формата даты и времени с аргументами 2018-04-22 18:16:00 и %Y-%m-%d %H:%M:%S
2025-04-30 18:16:36,698 - utils.py - get_data_time - INFO: Успех! Данные даты и времени успешно изменены
2025-04-30 18:16:36,698 - utils.py - get_path_and_period - INFO: Запуск функции среза по дате в excel файле с аргументами C:\Users\Rendy\PycharmProjects\Project1\data\operations.xlsx и ['01.04.2018 18:16:00', '22.04.2018 18:16:00']
2025-04-30 18:16:37,394 - utils.py - get_path_and_period - INFO: Успех! Получен срез даты
2025-04-30 18:16:37,394 - utils.py - get_time_for_greeting - INFO: Запуск функции приветствия
2025-04-30 18:16:37,394 - utils.py - get_time_for_greeting - INFO: Успех! Добрый вечер
2025-04-30 18:16:37,414 - utils.py - get_card_with_spend - INFO: Запуск функции со списком карт по которым были расходы с аргументом            Дата операции  ... Сумма операции с округлением
6360 2018-04-02 09:25:08  ...                       133.54
6359 2018-04-02 12:12:02  ...                       310.00
6358 2018-04-02 19:15:17  ...                        28.44
6357 2018-04-02 20:00:53  ...                        38.00
6356 2018-04-03 09:57:30  ...                       109.45
...                  ...  ...                          ...
6271 2018-04-21 12:49:14  ...                       433.93
6270 2018-04-21 19:14:04  ...                       300.00
6269 2018-04-21 19:46:33  ...                        94.00
6268 2018-04-22 09:20:57  ...                     36191.39
6267 2018-04-22 09:20:59  ...                     36191.39

[94 rows x 15 columns]
2025-04-30 18:16:37,417 - utils.py - get_card_with_spend - INFO: Успех! Данные получены без ошибок
2025-04-30 18:17:23,710 - utils.py - get_data_time - INFO: Запуск функции изменения формата даты и времени с аргументами 2018-04-22 18:16:00 и %Y-%m-%d %H:%M:%S
2025-04-30 18:17:23,711 - utils.py - get_data_time - INFO: Успех! Данные даты и времени успешно изменены
2025-04-30 18:17:23,711 - utils.py - get_path_and_period - INFO: Запуск функции среза по дате в excel файле с аргументами C:\Users\Rendy\PycharmProjects\Project1\data\operations.xlsx и ['01.04.2018 18:16:00', '22.04.2018 18:16:00']
2025-04-30 18:17:24,348 - utils.py - get_path_and_period - INFO: Успех! Получен срез даты
2025-04-30 18:17:24,348 - utils.py - get_time_for_greeting - INFO: Запуск функции приветствия
2025-04-30 18:17:24,348 - utils.py - get_time_for_greeting - INFO: Успех! Добрый вечер
2025-04-30 18:17:24,365 - utils.py - get_card_with_spend - INFO: Запуск функции со списком карт по которым были расходы с аргументом            Дата операции  ... Сумма операции с округлением
6360 2018-04-02 09:25:08  ...                       133.54
6359 2018-04-02 12:12:02  ...                       310.00
6358 2018-04-02 19:15:17  ...                        28.44
6357 2018-04-02 20:00:53  ...                        38.00
6356 2018-04-03 09:57:30  ...                       109.45
...                  ...  ...                          ...
6271 2018-04-21 12:49:14  ...                       433.93
6270 2018-04-21 19:14:04  ...                       300.00
6269 2018-04-21 19:46:33  ...                        94.00
6268 2018-04-22 09:20:57  ...                     36191.39
6267 2018-04-22 09:20:59  ...                     36191.39

[94 rows x 15 columns]
2025-04-30 18:17:24,368 - utils.py - get_card_with_spend - INFO: Успех! Данные получены без ошибок
2025-04-30 18:17:24,384 - utils.py - git_top_transaction - INFO: Запуск функции по топ-транзакциям с аргументами            Дата операции  ... Сумма операции с округлением
6360 2018-04-02 09:25:08  ...                       133.54
6359 2018-04-02 12:12:02  ...                       310.00
6358 2018-04-02 19:15:17  ...                        28.44
6357 2018-04-02 20:00:53  ...                        38.00
6356 2018-04-03 09:57:30  ...                       109.45
...                  ...  ...                          ...
6271 2018-04-21 12:49:14  ...                       433.93
6270 2018-04-21 19:14:04  ...                       300.00
6269 2018-04-21 19:46:33  ...                        94.00
6268 2018-04-22 09:20:57  ...                     36191.39
6267 2018-04-22 09:20:59  ...                     36191.39

[94 rows x 15 columns] и 5
2025-04-30 18:17:24,385 - utils.py - git_top_transaction - INFO: Успех! Получен топ-5 по сумме платежа
2025-04-30 18:18:20,085 - utils.py - get_data_time - INFO: Запуск функции изменения формата даты и времени с аргументами 2018-04-22 18:16:00 и %Y-%m-%d %H:%M:%S
2025-04-30 18:18:20,085 - utils.py - get_data_time - INFO: Успех! Данные даты и времени успешно изменены
2025-04-30 18:18:20,085 - utils.py - get_path_and_period - INFO: Запуск функции среза по дате в excel файле с аргументами C:\Users\Rendy\PycharmProjects\Project1\data\operations.xlsx и ['01.04.2018 18:16:00', '22.04.2018 18:16:00']
2025-04-30 18:18:20,735 - utils.py - get_path_and_period - INFO: Успех! Получен срез даты
2025-04-30 18:18:20,735 - utils.py - get_time_for_greeting - INFO: Запуск функции приветствия
2025-04-30 18:18:20,735 - utils.py - get_time_for_greeting - INFO: Успех! Добрый вечер
2025-04-30 18:18:20,745 - utils.py - get_card_with_spend - INFO: Запуск функции со списком карт по которым были расходы с аргументом            Дата операции  ... Сумма операции с округлением
6360 2018-04-02 09:25:08  ...                       133.54
6359 2018-04-02 12:12:02  ...                       310.00
6358 2018-04-02 19:15:17  ...                        28.44
6357 2018-04-02 20:00:53  ...                        38.00
6356 2018-04-03 09:57:30  ...                       109.45
...                  ...  ...                          ...
6271 2018-04-21 12:49:14  ...                       433.93
6270 2018-04-21 19:14:04  ...                       300.00
6269 2018-04-21 19:46:33  ...                        94.00
6268 2018-04-22 09:20:57  ...                     36191.39
6267 2018-04-22 09:20:59  ...                     36191.39

[94 rows x 15 columns]
2025-04-30 18:18:20,748 - utils.py - get_card_with_spend - INFO: Успех! Данные получены без ошибок
2025-04-30 18:18:20,756 - utils.py - git_top_transaction - INFO: Запуск функции по топ-транзакциям с аргументами            Дата операции  ... Сумма операции с округлением
6360 2018-04-02 09:25:08  ...                       133.54
6359 2018-04-02 12:12:02  ...                       310.00
6358 2018-04-02 19:15:17  ...                        28.44
6357 2018-04-02 20:00:53  ...                        38.00
6356 2018-04-03 09:57:30  ...                       109.45
...                  ...  ...                          ...
6271 2018-04-21 12:49:14  ...                       433.93
6270 2018-04-21 19:14:04  ...                       300.00
6269 2018-04-21 19:46:33  ...                        94.00
6268 2018-04-22 09:20:57  ...                     36191.39
6267 2018-04-22 09:20:59  ...                     36191.39

[94 rows x 15 columns] и 5
2025-04-30 18:18:20,756 - utils.py - git_top_transaction - INFO: Успех! Получен топ-5 по сумме платежа
2025-04-30 18:18:20,757 - utils.py - get_currency - INFO: Запуск функции которая получает актуальный курс валют с аргументом C:\Users\Rendy\PycharmProjects\Project1\data\user_settings.json
2025-04-30 18:18:21,909 - utils.py - get_currency - INFO: Успех! Получен курс валют
2025-04-30 18:18:21,910 - utils.py - get_stock - INFO: Запуск функции которая получает актуальный курс акций SP500 с аргументом C:\Users\Rendy\PycharmProjects\Project1\data\user_settings.json
2025-04-30 18:18:22,769 - utils.py - get_stock - INFO: Успех! Получен курс акций SP500
2025-04-30 18:19:10,044 - utils.py - find_mobile_payments - INFO: Запуск функции поиска транзакций с мобильными номерами в описании с аргмуентом C:\Users\Rendy\PycharmProjects\Project1\data\operations.xlsx
2025-04-30 18:19:10,595 - utils.py - find_mobile_payments - INFO: Успех! Данные с номером телефона в описании транзакций отфильтрованы
2025-04-30 18:20:43,325 - utils.py - get_data_time - INFO: Запуск функции изменения формата даты и времени с аргументами 2018-04-22 18:16:00 и %Y-%m-%d %H:%M:%S
2025-04-30 18:20:43,325 - utils.py - get_data_time - INFO: Успех! Данные даты и времени успешно изменены
2025-04-30 18:20:43,325 - utils.py - get_path_and_period - INFO: Запуск функции среза по дате в excel файле с аргументами C:\Users\Rendy\PycharmProjects\Project1\data\operations.xlsx и ['01.04.2018 18:16:00', '22.04.2018 18:16:00']
2025-04-30 18:20:43,975 - utils.py - get_path_and_period - INFO: Успех! Получен срез даты
2025-04-30 18:20:43,975 - utils.py - get_time_for_greeting - INFO: Запуск функции приветствия
2025-04-30 18:20:43,975 - utils.py - get_time_for_greeting - INFO: Успех! Добрый вечер
2025-04-30 18:20:43,984 - utils.py - get_card_with_spend - INFO: Запуск функции со списком карт по которым были расходы с аргументом            Дата операции  ... Сумма операции с округлением
6360 2018-04-02 09:25:08  ...                       133.54
6359 2018-04-02 12:12:02  ...                       310.00
6358 2018-04-02 19:15:17  ...                        28.44
6357 2018-04-02 20:00:53  ...                        38.00
6356 2018-04-03 09:57:30  ...                       109.45
...                  ...  ...                          ...
6271 2018-04-21 12:49:14  ...                       433.93
6270 2018-04-21 19:14:04  ...                       300.00
6269 2018-04-21 19:46:33  ...                        94.00
6268 2018-04-22 09:20:57  ...                     36191.39
6267 2018-04-22 09:20:59  ...                     36191.39

[94 rows x 15 columns]
2025-04-30 18:20:43,988 - utils.py - get_card_with_spend - INFO: Успех! Данные получены без ошибок
2025-04-30 18:20:43,995 - utils.py - git_top_transaction - INFO: Запуск функции по топ-транзакциям с аргументами            Дата операции  ... Сумма операции с округлением
6360 2018-04-02 09:25:08  ...                       133.54
6359 2018-04-02 12:12:02  ...                       310.00
6358 2018-04-02 19:15:17  ...                        28.44
6357 2018-04-02 20:00:53  ...                        38.00
6356 2018-04-03 09:57:30  ...                       109.45
...                  ...  ...                          ...
6271 2018-04-21 12:49:14  ...                       433.93
6270 2018-04-21 19:14:04  ...                       300.00
6269 2018-04-21 19:46:33  ...                        94.00
6268 2018-04-22 09:20:57  ...                     36191.39
6267 2018-04-22 09:20:59  ...                     36191.39

[94 rows x 15 columns] и 5
2025-04-30 18:20:43,996 - utils.py - git_top_transaction - INFO: Успех! Получен топ-5 по сумме платежа
2025-04-30 18:20:43,996 - utils.py - get_currency - INFO: Запуск функции которая получает актуальный курс валют с аргументом C:\Users\Rendy\PycharmProjects\Project1\data\user_settings.json
2025-04-30 18:21:26,217 - utils.py - get_currency - INFO: Успех! Получен курс валют
2025-04-30 18:21:26,218 - utils.py - get_stock - INFO: Запуск функции которая получает актуальный курс акций SP500 с аргументом C:\Users\Rendy\PycharmProjects\Project1\data\user_settings.json
2025-04-30 18:21:27,107 - utils.py - get_stock - INFO: Успех! Получен курс акций SP500
2025-04-30 18:22:08,340 - utils.py - find_person_transfers - INFO: Запуск функции поиска переводов физическим лицам с аргументом C:\Users\Rendy\PycharmProjects\Project1\data\operations.xlsx
2025-04-30 18:22:08,888 - utils.py - find_person_transfers - INFO: Успех! Данные с переводами физ лицам отфильтрованы
2025-04-30 18:54:44,728 - utils.py - get_time_for_greeting - INFO: Запуск функции приветствия
2025-04-30 18:54:44,729 - utils.py - get_time_for_greeting - INFO: Успех! Доброе утро
2025-04-30 18:54:44,729 - utils.py - get_time_for_greeting - INFO: Запуск функции приветствия
2025-04-30 18:54:44,729 - utils.py - get_time_for_greeting - INFO: Успех! Добрый день
2025-04-30 18:54:44,729 - utils.py - get_time_for_greeting - INFO: Запуск функции приветствия
2025-04-30 18:54:44,729 - utils.py - get_time_for_greeting - INFO: Успех! Добрый вечер
2025-04-30 18:54:44,730 - utils.py - get_time_for_greeting - INFO: Запуск функции приветствия
2025-04-30 18:54:44,730 - utils.py - get_time_for_greeting - INFO: Успех! Доброй ночи
2025-04-30 18:55:06,602 - utils.py - get_time_for_greeting - INFO: Запуск функции приветствия
2025-04-30 18:55:06,603 - utils.py - get_time_for_greeting - INFO: Успех! Доброе утро
2025-04-30 18:55:06,603 - utils.py - get_time_for_greeting - INFO: Запуск функции приветствия
2025-04-30 18:55:06,603 - utils.py - get_time_for_greeting - INFO: Успех! Добрый день
2025-04-30 18:55:06,603 - utils.py - get_time_for_greeting - INFO: Запуск функции приветствия
2025-04-30 18:55:06,604 - utils.py - get_time_for_greeting - INFO: Успех! Добрый вечер
2025-04-30 18:55:06,604 - utils.py - get_time_for_greeting - INFO: Запуск функции приветствия
2025-04-30 18:55:06,604 - utils.py - get_time_for_greeting - INFO: Успех! Доброй ночи
2025-04-30 18:55:11,113 - utils.py - get_data_time - INFO: Запуск функции изменения формата даты и времени с аргументами 2023-05-15 14:30:00 и %Y-%m-%d %H:%M:%S
2025-04-30 18:55:11,115 - utils.py - get_data_time - INFO: Успех! Данные даты и времени успешно изменены
2025-04-30 18:55:39,656 - utils.py - get_path_and_period - INFO: Запуск функции среза по дате в excel файле с аргументами dummy_path.xlsx и ['01.05.2023 00:00:00', '15.05.2023 00:00:00']
2025-04-30 18:55:39,661 - utils.py - get_path_and_period - INFO: Успех! Получен срез даты
2025-04-30 18:55:58,915 - utils.py - get_card_with_spend - INFO: Запуск функции со списком карт по которым были расходы с аргументом     Номер карты  Сумма операции  Кэшбэк  Сумма операции с округлением
0  1234****5678            -100       5                          -100
1  8765****4321             200       0                           200
2  1234****5678            -300      15                          -300
2025-04-30 18:55:58,917 - utils.py - get_card_with_spend - INFO: Успех! Данные получены без ошибок
2025-04-30 18:56:08,594 - utils.py - git_top_transaction - INFO: Запуск функции по топ-транзакциям с аргументами   Дата платежа  Сумма операции Категория Описание
0   2023-05-01             100         A    Desc1
1   2023-05-02             500         B    Desc2
2   2023-05-03             300         C    Desc3 и 2
2025-04-30 18:56:08,596 - utils.py - git_top_transaction - INFO: Успех! Получен топ-5 по сумме платежа
2025-04-30 18:56:26,990 - utils.py - get_currency - INFO: Запуск функции которая получает актуальный курс валют с аргументом dummy_path.json
2025-04-30 18:56:26,991 - utils.py - get_currency - INFO: Успех! Получен курс валют
2025-04-30 18:56:41,247 - utils.py - get_stock - INFO: Запуск функции которая получает актуальный курс акций SP500 с аргументом dummy_path.json
2025-04-30 18:56:41,247 - utils.py - get_stock - INFO: Успех! Получен курс акций SP500
2025-04-30 18:56:48,557 - utils.py - simple_search - INFO: Запуск функции простого поиска с аргументами dummy_path.xlsx и магазин
2025-04-30 18:56:48,561 - utils.py - simple_search - INFO: Успех! Данные отфильтрованы по описанию | категории
2025-04-30 18:56:48,562 - utils.py - simple_search - INFO: Запуск функции простого поиска с аргументами dummy_path.xlsx и услуг
2025-04-30 18:56:48,563 - utils.py - simple_search - INFO: Успех! Данные отфильтрованы по описанию | категории
2025-04-30 18:56:58,182 - utils.py - find_mobile_payments - INFO: Запуск функции поиска транзакций с мобильными номерами в описании с аргмуентом dummy_path.xlsx
2025-04-30 18:56:58,185 - utils.py - find_mobile_payments - INFO: Успех! Данные с номером телефона в описании транзакций отфильтрованы
2025-04-30 18:57:05,306 - utils.py - find_person_transfers - INFO: Запуск функции поиска переводов физическим лицам с аргументом dummy_path.xlsx
2025-04-30 18:57:05,309 - utils.py - find_person_transfers - INFO: Успех! Данные с переводами физ лицам отфильтрованы
2025-04-30 18:57:22,085 - utils.py - find_person_transfers - INFO: Запуск функции поиска переводов физическим лицам с аргументом dummy_path.xlsx
2025-04-30 18:57:22,089 - utils.py - find_person_transfers - INFO: Успех! Данные с переводами физ лицам отфильтрованы
2025-04-30 18:57:30,062 - utils.py - find_mobile_payments - INFO: Запуск функции поиска транзакций с мобильными номерами в описании с аргмуентом dummy_path.xlsx
2025-04-30 18:57:30,066 - utils.py - find_mobile_payments - INFO: Успех! Данные с номером телефона в описании транзакций отфильтрованы
2025-04-30 18:57:38,584 - utils.py - find_mobile_payments - INFO: Запуск функции поиска транзакций с мобильными номерами в описании с аргмуентом dummy_path.xlsx
2025-04-30 18:57:38,588 - utils.py - find_mobile_payments - INFO: Успех! Данные с номером телефона в описании транзакций отфильтрованы
2025-04-30 18:58:01,124 - utils.py - simple_search - INFO: Запуск функции простого поиска с аргументами dummy_path.xlsx и магазин
2025-04-30 18:58:01,128 - utils.py - simple_search - INFO: Успех! Данные отфильтрованы по описанию | категории
2025-04-30 18:58:01,128 - utils.py - simple_search - INFO: Запуск функции простого поиска с аргументами dummy_path.xlsx и услуг
2025-04-30 18:58:01,129 - utils.py - simple_search - INFO: Успех! Данные отфильтрованы по описанию | категории
2025-04-30 19:14:53,245 - utils.py - get_stock - INFO: Запуск функции которая получает актуальный курс акций SP500 с аргументом dummy_path.json
2025-04-30 19:14:53,245 - utils.py - get_stock - INFO: Успех! Получен курс акций SP500
2025-04-30 19:15:15,448 - utils.py - get_currency - INFO: Запуск функции которая получает актуальный курс валют с аргументом dummy_path.json
2025-04-30 19:15:15,449 - utils.py - get_currency - INFO: Успех! Получен курс валют
2025-04-30 19:15:28,318 - utils.py - git_top_transaction - INFO: Запуск функции по топ-транзакциям с аргументами   Дата платежа  Сумма операции Категория Описание
0   2023-05-01             100         A    Desc1
1   2023-05-02             500         B    Desc2
2   2023-05-03             300         C    Desc3 и 2
2025-04-30 19:15:28,321 - utils.py - git_top_transaction - INFO: Успех! Получен топ-5 по сумме платежа
2025-04-30 19:15:43,007 - utils.py - get_card_with_spend - INFO: Запуск функции со списком карт по которым были расходы с аргументом     Номер карты  Сумма операции  Кэшбэк  Сумма операции с округлением
0  1234****5678            -100       5                          -100
1  8765****4321             200       0                           200
2  1234****5678            -300      15                          -300
2025-04-30 19:15:43,009 - utils.py - get_card_with_spend - INFO: Успех! Данные получены без ошибок
2025-04-30 19:15:55,203 - utils.py - get_path_and_period - INFO: Запуск функции среза по дате в excel файле с аргументами dummy_path.xlsx и ['01.05.2023 00:00:00', '15.05.2023 00:00:00']
2025-04-30 19:15:55,207 - utils.py - get_path_and_period - INFO: Успех! Получен срез даты
2025-04-30 19:16:12,641 - utils.py - get_data_time - INFO: Запуск функции изменения формата даты и времени с аргументами 2023-05-15 14:30:00 и %Y-%m-%d %H:%M:%S
2025-04-30 19:16:12,643 - utils.py - get_data_time - INFO: Успех! Данные даты и времени успешно изменены
2025-04-30 19:17:12,765 - utils.py - get_data_time - INFO: Запуск функции изменения формата даты и времени с аргументами 2023-05-15 14:30:00 и %Y-%m-%d %H:%M:%S
2025-04-30 19:17:12,767 - utils.py - get_data_time - INFO: Успех! Данные даты и времени успешно изменены
2025-04-30 19:17:12,767 - utils.py - get_data_time - INFO: Запуск функции изменения формата даты и времени с аргументами 2023/05/15 14-30-00 и %Y/%m/%d %H-%M-%S
2025-04-30 19:17:12,768 - utils.py - get_data_time - INFO: Успех! Данные даты и времени успешно изменены
2025-04-30 19:17:44,438 - utils.py - get_data_time - INFO: Запуск функции изменения формата даты и времени с аргументами 2023-05-15 14:30:00 и %Y-%m-%d %H:%M:%S
2025-04-30 19:17:44,440 - utils.py - get_data_time - INFO: Успех! Данные даты и времени успешно изменены
2025-04-30 19:17:44,441 - utils.py - get_data_time - INFO: Запуск функции изменения формата даты и времени с аргументами 2023/05/15 14-30-00 и %Y/%m/%d %H-%M-%S
2025-04-30 19:17:44,442 - utils.py - get_data_time - INFO: Успех! Данные даты и времени успешно изменены
2025-04-30 19:19:25,580 - utils.py - get_data_time - INFO: Запуск функции изменения формата даты и времени с аргументами 2023-05-15 14:30:00 и %Y-%m-%d %H:%M:%S
2025-04-30 19:19:25,582 - utils.py - get_data_time - INFO: Успех! Данные даты и времени успешно изменены
2025-04-30 19:19:25,583 - utils.py - get_data_time - INFO: Запуск функции изменения формата даты и времени с аргументами 2023/05/15 14-30-00 и %Y/%m/%d %H-%M-%S
2025-04-30 19:19:25,584 - utils.py - get_data_time - INFO: Успех! Данные даты и времени успешно изменены
2025-04-30 19:20:05,262 - utils.py - get_data_time - INFO: Запуск функции изменения формата даты и времени с аргументами 2023-05-15 14:30:00 и %Y-%m-%d %H:%M:%S
2025-04-30 19:20:05,265 - utils.py - get_data_time - INFO: Успех! Данные даты и времени успешно изменены
2025-04-30 19:20:05,265 - utils.py - get_data_time - INFO: Запуск функции изменения формата даты и времени с аргументами 2023/05/15 14:30:00 и %Y/%m/%d %H-%M-%S
2025-04-30 19:20:46,582 - utils.py - get_time_for_greeting - INFO: Запуск функции приветствия
2025-04-30 19:20:46,583 - utils.py - get_time_for_greeting - INFO: Успех! Доброе утро
2025-04-30 19:20:46,583 - utils.py - get_time_for_greeting - INFO: Запуск функции приветствия
2025-04-30 19:20:46,583 - utils.py - get_time_for_greeting - INFO: Успех! Добрый день
2025-04-30 19:20:46,583 - utils.py - get_time_for_greeting - INFO: Запуск функции приветствия
2025-04-30 19:20:46,584 - utils.py - get_time_for_greeting - INFO: Успех! Добрый вечер
2025-04-30 19:20:46,584 - utils.py - get_time_for_greeting - INFO: Запуск функции приветствия
2025-04-30 19:20:46,584 - utils.py - get_time_for_greeting - INFO: Успех! Доброй ночи
2025-04-30 19:21:04,729 - utils.py - get_data_time - INFO: Запуск функции изменения формата даты и времени с аргументами 2023-05-15 14:30:00 и %Y-%m-%d %H:%M:%S
2025-04-30 19:21:04,731 - utils.py - get_data_time - INFO: Успех! Данные даты и времени успешно изменены
2025-04-30 19:22:13,900 - utils.py - get_data_time - INFO: Запуск функции изменения формата даты и времени с аргументами 2023-05-15 14:30:00 и %Y-%m-%d %H:%M:%S
2025-04-30 19:22:13,902 - utils.py - get_data_time - INFO: Успех! Данные даты и времени успешно изменены
2025-04-30 19:22:13,902 - utils.py - get_data_time - INFO: Запуск функции изменения формата даты и времени с аргументами 2023/05/15 14-30-00 и %Y/%m/%d %H-%M-%S
2025-04-30 19:22:13,904 - utils.py - get_data_time - INFO: Успех! Данные даты и времени успешно изменены
2025-04-30 19:23:35,561 - utils.py - get_data_time - INFO: Запуск функции изменения формата даты и времени с аргументами 2023-05-15 14:30:00 и %Y-%m-%d %H:%M:%S
2025-04-30 19:23:35,563 - utils.py - get_data_time - INFO: Успех! Данные даты и времени успешно изменены
2025-04-30 19:23:35,563 - utils.py - get_data_time - INFO: Запуск функции изменения формата даты и времени с аргументами 2023/05/15 14-30-00 и %Y/%m/%d %H-%M-%S
2025-04-30 19:23:35,565 - utils.py - get_data_time - INFO: Успех! Данные даты и времени успешно изменены
2025-04-30 19:23:53,040 - utils.py - get_currency - INFO: Запуск функции которая получает актуальный курс валют с аргументом dummy_path.json
2025-04-30 19:23:53,041 - utils.py - get_currency - INFO: Успех! Получен курс валют
2025-04-30 19:25:32,039 - utils.py - get_currency - INFO: Запуск функции которая получает актуальный курс валют с аргументом dummy_path.json
2025-04-30 19:25:32,040 - utils.py - get_currency - INFO: Успех! Получен курс валют
2025-04-30 19:26:13,758 - utils.py - find_mobile_payments - INFO: Запуск функции поиска транзакций с мобильными номерами в описании с аргмуентом dummy_path.xlsx
2025-04-30 19:26:13,762 - utils.py - find_mobile_payments - INFO: Успех! Данные с номером телефона в описании транзакций отфильтрованы
2025-04-30 19:26:13,765 - utils.py - find_person_transfers - INFO: Запуск функции поиска переводов физическим лицам с аргументом dummy_path.xlsx
2025-04-30 19:26:13,767 - utils.py - find_person_transfers - INFO: Успех! Данные с переводами физ лицам отфильтрованы
2025-04-30 19:26:13,774 - utils.py - get_card_with_spend - INFO: Запуск функции со списком карт по которым были расходы с аргументом     Номер карты  Сумма операции  Кэшбэк  Сумма операции с округлением
0  1234****5678            -100       5                          -100
1  8765****4321             200       0                           200
2  1234****5678            -300      15                          -300
2025-04-30 19:26:13,775 - utils.py - get_card_with_spend - INFO: Успех! Данные получены без ошибок
2025-04-30 19:26:13,780 - utils.py - get_currency - INFO: Запуск функции которая получает актуальный курс валют с аргументом dummy_path.json
2025-04-30 19:26:13,780 - utils.py - get_currency - INFO: Успех! Получен курс валют
2025-04-30 19:26:13,783 - utils.py - get_data_time - INFO: Запуск функции изменения формата даты и времени с аргументами 2023-05-15 14:30:00 и %Y-%m-%d %H:%M:%S
2025-04-30 19:26:13,784 - utils.py - get_data_time - INFO: Успех! Данные даты и времени успешно изменены
2025-04-30 19:26:13,785 - utils.py - get_data_time - INFO: Запуск функции изменения формата даты и времени с аргументами 2023/05/15 14-30-00 и %Y/%m/%d %H-%M-%S
2025-04-30 19:26:13,786 - utils.py - get_data_time - INFO: Успех! Данные даты и времени успешно изменены
2025-04-30 19:26:13,793 - utils.py - get_path_and_period - INFO: Запуск функции среза по дате в excel файле с аргументами dummy_path.xlsx и ['01.05.2023 00:00:00', '15.05.2023 00:00:00']
2025-04-30 19:26:13,797 - utils.py - get_path_and_period - INFO: Успех! Получен срез даты
2025-04-30 19:26:13,800 - utils.py - get_stock - INFO: Запуск функции которая получает актуальный курс акций SP500 с аргументом dummy_path.json
2025-04-30 19:26:13,801 - utils.py - get_stock - INFO: Успех! Получен курс акций SP500
2025-04-30 19:26:13,803 - utils.py - get_time_for_greeting - INFO: Запуск функции приветствия
2025-04-30 19:26:13,803 - utils.py - get_time_for_greeting - INFO: Успех! Доброе утро
2025-04-30 19:26:13,803 - utils.py - get_time_for_greeting - INFO: Запуск функции приветствия
2025-04-30 19:26:13,804 - utils.py - get_time_for_greeting - INFO: Успех! Добрый день
2025-04-30 19:26:13,804 - utils.py - get_time_for_greeting - INFO: Запуск функции приветствия
2025-04-30 19:26:13,804 - utils.py - get_time_for_greeting - INFO: Успех! Добрый вечер
2025-04-30 19:26:13,804 - utils.py - get_time_for_greeting - INFO: Запуск функции приветствия
2025-04-30 19:26:13,804 - utils.py - get_time_for_greeting - INFO: Успех! Доброй ночи
2025-04-30 19:26:13,810 - utils.py - git_top_transaction - INFO: Запуск функции по топ-транзакциям с аргументами   Дата платежа  Сумма операции Категория Описание
0   2023-05-01             100         A    Desc1
1   2023-05-02             500         B    Desc2
2   2023-05-03             300         C    Desc3 и 2
2025-04-30 19:26:13,811 - utils.py - git_top_transaction - INFO: Успех! Получен топ-5 по сумме платежа
2025-04-30 19:26:13,814 - utils.py - simple_search - INFO: Запуск функции простого поиска с аргументами dummy_path.xlsx и магазин
2025-04-30 19:26:13,815 - utils.py - simple_search - INFO: Успех! Данные отфильтрованы по описанию | категории
2025-04-30 19:26:13,815 - utils.py - simple_search - INFO: Запуск функции простого поиска с аргументами dummy_path.xlsx и услуг
2025-04-30 19:26:13,816 - utils.py - simple_search - INFO: Успех! Данные отфильтрованы по описанию | категории
2025-04-30 19:41:47,242 - utils.py - simple_search - INFO: Запуск функции простого поиска с аргументами C:\Users\Rendy\PycharmProjects\Project1\data\operations.xlsx и тест
2025-04-30 19:41:48,619 - utils.py - simple_search - INFO: Успех! Данные отфильтрованы по описанию | категории
2025-04-30 19:41:48,624 - utils.py - find_mobile_payments - INFO: Запуск функции поиска транзакций с мобильными номерами в описании с аргмуентом C:\Users\Rendy\PycharmProjects\Project1\data\operations.xlsx
2025-04-30 19:41:49,802 - utils.py - find_mobile_payments - INFO: Успех! Данные с номером телефона в описании транзакций отфильтрованы
2025-04-30 19:41:49,806 - utils.py - find_person_transfers - INFO: Запуск функции поиска переводов физическим лицам с аргументом C:\Users\Rendy\PycharmProjects\Project1\data\operations.xlsx
2025-04-30 19:41:50,963 - utils.py - find_person_transfers - INFO: Успех! Данные с переводами физ лицам отфильтрованы
2025-04-30 19:41:50,970 - utils.py - find_mobile_payments - INFO: Запуск функции поиска транзакций с мобильными номерами в описании с аргмуентом C:\Users\Rendy\PycharmProjects\Project1\data\operations.xlsx
2025-04-30 19:41:52,131 - utils.py - find_mobile_payments - INFO: Успех! Данные с номером телефона в описании транзакций отфильтрованы
2025-04-30 19:42:14,650 - utils.py - find_mobile_payments - INFO: Запуск функции поиска транзакций с мобильными номерами в описании с аргмуентом dummy_path.xlsx
2025-04-30 19:42:14,654 - utils.py - find_mobile_payments - INFO: Успех! Данные с номером телефона в описании транзакций отфильтрованы
2025-04-30 19:42:14,658 - utils.py - find_person_transfers - INFO: Запуск функции поиска переводов физическим лицам с аргументом dummy_path.xlsx
2025-04-30 19:42:14,659 - utils.py - find_person_transfers - INFO: Успех! Данные с переводами физ лицам отфильтрованы
2025-04-30 19:42:14,666 - utils.py - get_card_with_spend - INFO: Запуск функции со списком карт по которым были расходы с аргументом     Номер карты  Сумма операции  Кэшбэк  Сумма операции с округлением
0  1234****5678            -100       5                          -100
1  8765****4321             200       0                           200
2  1234****5678            -300      15                          -300
2025-04-30 19:42:14,667 - utils.py - get_card_with_spend - INFO: Успех! Данные получены без ошибок
2025-04-30 19:42:14,671 - utils.py - get_currency - INFO: Запуск функции которая получает актуальный курс валют с аргументом dummy_path.json
2025-04-30 19:42:14,672 - utils.py - get_currency - INFO: Успех! Получен курс валют
2025-04-30 19:42:14,674 - utils.py - get_data_time - INFO: Запуск функции изменения формата даты и времени с аргументами 2023-05-15 14:30:00 и %Y-%m-%d %H:%M:%S
2025-04-30 19:42:14,676 - utils.py - get_data_time - INFO: Успех! Данные даты и времени успешно изменены
2025-04-30 19:42:14,676 - utils.py - get_data_time - INFO: Запуск функции изменения формата даты и времени с аргументами 2023/05/15 14-30-00 и %Y/%m/%d %H-%M-%S
2025-04-30 19:42:14,677 - utils.py - get_data_time - INFO: Успех! Данные даты и времени успешно изменены
2025-04-30 19:42:14,684 - utils.py - get_path_and_period - INFO: Запуск функции среза по дате в excel файле с аргументами dummy_path.xlsx и ['01.05.2023 00:00:00', '15.05.2023 00:00:00']
2025-04-30 19:42:14,688 - utils.py - get_path_and_period - INFO: Успех! Получен срез даты
2025-04-30 19:42:14,691 - utils.py - get_stock - INFO: Запуск функции которая получает актуальный курс акций SP500 с аргументом dummy_path.json
2025-04-30 19:42:14,691 - utils.py - get_stock - INFO: Успех! Получен курс акций SP500
2025-04-30 19:42:14,694 - utils.py - get_time_for_greeting - INFO: Запуск функции приветствия
2025-04-30 19:42:14,694 - utils.py - get_time_for_greeting - INFO: Успех! Доброе утро
2025-04-30 19:42:14,694 - utils.py - get_time_for_greeting - INFO: Запуск функции приветствия
2025-04-30 19:42:14,694 - utils.py - get_time_for_greeting - INFO: Успех! Добрый день
2025-04-30 19:42:14,694 - utils.py - get_time_for_greeting - INFO: Запуск функции приветствия
2025-04-30 19:42:14,694 - utils.py - get_time_for_greeting - INFO: Успех! Добрый вечер
2025-04-30 19:42:14,694 - utils.py - get_time_for_greeting - INFO: Запуск функции приветствия
2025-04-30 19:42:14,694 - utils.py - get_time_for_greeting - INFO: Успех! Доброй ночи
2025-04-30 19:42:14,701 - utils.py - git_top_transaction - INFO: Запуск функции по топ-транзакциям с аргументами   Дата платежа  Сумма операции Категория Описание
0   2023-05-01             100         A    Desc1
1   2023-05-02             500         B    Desc2
2   2023-05-03             300         C    Desc3 и 2
2025-04-30 19:42:14,702 - utils.py - git_top_transaction - INFO: Успех! Получен топ-5 по сумме платежа
2025-04-30 19:42:14,705 - utils.py - simple_search - INFO: Запуск функции простого поиска с аргументами dummy_path.xlsx и магазин
2025-04-30 19:42:14,706 - utils.py - simple_search - INFO: Успех! Данные отфильтрованы по описанию | категории
2025-04-30 19:42:14,706 - utils.py - simple_search - INFO: Запуск функции простого поиска с аргументами dummy_path.xlsx и услуг
2025-04-30 19:42:14,707 - utils.py - simple_search - INFO: Успех! Данные отфильтрованы по описанию | категории
2025-04-30 19:43:49,682 - utils.py - simple_search - INFO: Запуск функции простого поиска с аргументами C:\Users\Rendy\PycharmProjects\Project1\data\operations.xlsx и тест
2025-04-30 19:43:51,727 - utils.py - simple_search - INFO: Успех! Данные отфильтрованы по описанию | категории
2025-04-30 19:43:51,731 - utils.py - find_mobile_payments - INFO: Запуск функции поиска транзакций с мобильными номерами в описании с аргмуентом C:\Users\Rendy\PycharmProjects\Project1\data\operations.xlsx
2025-04-30 19:43:52,917 - utils.py - find_mobile_payments - INFO: Успех! Данные с номером телефона в описании транзакций отфильтрованы
2025-04-30 19:43:52,921 - utils.py - find_person_transfers - INFO: Запуск функции поиска переводов физическим лицам с аргументом C:\Users\Rendy\PycharmProjects\Project1\data\operations.xlsx
2025-04-30 19:43:54,079 - utils.py - find_person_transfers - INFO: Успех! Данные с переводами физ лицам отфильтрованы
2025-04-30 19:43:54,085 - utils.py - find_mobile_payments - INFO: Запуск функции поиска транзакций с мобильными номерами в описании с аргмуентом C:\Users\Rendy\PycharmProjects\Project1\data\operations.xlsx
2025-04-30 19:43:55,241 - utils.py - find_mobile_payments - INFO: Успех! Данные с номером телефона в описании транзакций отфильтрованы
2025-04-30 19:43:55,246 - utils.py - find_mobile_payments - INFO: Запуск функции поиска транзакций с мобильными номерами в описании с аргмуентом dummy_path.xlsx
2025-04-30 19:43:55,247 - utils.py - find_mobile_payments - INFO: Успех! Данные с номером телефона в описании транзакций отфильтрованы
2025-04-30 19:43:55,248 - utils.py - find_person_transfers - INFO: Запуск функции поиска переводов физическим лицам с аргументом dummy_path.xlsx
2025-04-30 19:43:55,249 - utils.py - find_person_transfers - INFO: Успех! Данные с переводами физ лицам отфильтрованы
2025-04-30 19:43:55,264 - utils.py - get_card_with_spend - INFO: Запуск функции со списком карт по которым были расходы с аргументом     Номер карты  Сумма операции  Кэшбэк  Сумма операции с округлением
0  1234****5678            -100       5                          -100
1  8765****4321             200       0                           200
2  1234****5678            -300      15                          -300
2025-04-30 19:43:55,265 - utils.py - get_card_with_spend - INFO: Успех! Данные получены без ошибок
2025-04-30 19:43:55,268 - utils.py - get_currency - INFO: Запуск функции которая получает актуальный курс валют с аргументом dummy_path.json
2025-04-30 19:43:55,269 - utils.py - get_currency - INFO: Успех! Получен курс валют
2025-04-30 19:43:55,272 - utils.py - get_data_time - INFO: Запуск функции изменения формата даты и времени с аргументами 2023-05-15 14:30:00 и %Y-%m-%d %H:%M:%S
2025-04-30 19:43:55,273 - utils.py - get_data_time - INFO: Успех! Данные даты и времени успешно изменены
2025-04-30 19:43:55,274 - utils.py - get_data_time - INFO: Запуск функции изменения формата даты и времени с аргументами 2023/05/15 14-30-00 и %Y/%m/%d %H-%M-%S
2025-04-30 19:43:55,275 - utils.py - get_data_time - INFO: Успех! Данные даты и времени успешно изменены
2025-04-30 19:43:55,279 - utils.py - get_path_and_period - INFO: Запуск функции среза по дате в excel файле с аргументами dummy_path.xlsx и ['01.05.2023 00:00:00', '15.05.2023 00:00:00']
2025-04-30 19:43:55,281 - utils.py - get_path_and_period - INFO: Успех! Получен срез даты
2025-04-30 19:43:55,285 - utils.py - get_stock - INFO: Запуск функции которая получает актуальный курс акций SP500 с аргументом dummy_path.json
2025-04-30 19:43:55,285 - utils.py - get_stock - INFO: Успех! Получен курс акций SP500
2025-04-30 19:43:55,287 - utils.py - get_time_for_greeting - INFO: Запуск функции приветствия
2025-04-30 19:43:55,287 - utils.py - get_time_for_greeting - INFO: Успех! Доброе утро
2025-04-30 19:43:55,287 - utils.py - get_time_for_greeting - INFO: Запуск функции приветствия
2025-04-30 19:43:55,287 - utils.py - get_time_for_greeting - INFO: Успех! Добрый день
2025-04-30 19:43:55,287 - utils.py - get_time_for_greeting - INFO: Запуск функции приветствия
2025-04-30 19:43:55,287 - utils.py - get_time_for_greeting - INFO: Успех! Добрый вечер
2025-04-30 19:43:55,287 - utils.py - get_time_for_greeting - INFO: Запуск функции приветствия
2025-04-30 19:43:55,288 - utils.py - get_time_for_greeting - INFO: Успех! Доброй ночи
2025-04-30 19:43:55,293 - utils.py - git_top_transaction - INFO: Запуск функции по топ-транзакциям с аргументами   Дата платежа  Сумма операции Категория Описание
0   2023-05-01             100         A    Desc1
1   2023-05-02             500         B    Desc2
2   2023-05-03             300         C    Desc3 и 2
2025-04-30 19:43:55,294 - utils.py - git_top_transaction - INFO: Успех! Получен топ-5 по сумме платежа
2025-04-30 19:43:55,296 - utils.py - simple_search - INFO: Запуск функции простого поиска с аргументами dummy_path.xlsx и магазин
2025-04-30 19:43:55,297 - utils.py - simple_search - INFO: Успех! Данные отфильтрованы по описанию | категории
2025-04-30 19:43:55,297 - utils.py - simple_search - INFO: Запуск функции простого поиска с аргументами dummy_path.xlsx и услуг
2025-04-30 19:43:55,298 - utils.py - simple_search - INFO: Успех! Данные отфильтрованы по описанию | категории
2025-04-30 21:22:42,023 - utils.py - get_data_time - INFO: Запуск функции изменения формата даты и времени с аргументами 2018-04-22 18:16:00 и %Y-%m-%d %H:%M:%S
2025-04-30 21:22:42,024 - utils.py - get_data_time - INFO: Успех! Данные даты и времени успешно изменены
2025-04-30 21:22:42,024 - utils.py - get_path_and_period - INFO: Запуск функции среза по дате в excel файле с аргументами C:\Users\Rendy\PycharmProjects\Project1\data\operations.xlsx и ['01.04.2018 18:16:00', '22.04.2018 18:16:00']
2025-04-30 21:22:42,642 - utils.py - get_path_and_period - INFO: Успех! Получен срез даты
2025-04-30 21:22:42,642 - utils.py - get_time_for_greeting - INFO: Запуск функции приветствия
2025-04-30 21:22:42,642 - utils.py - get_time_for_greeting - INFO: Успех! Добрый вечер
2025-04-30 21:22:42,652 - utils.py - get_card_with_spend - INFO: Запуск функции со списком карт по которым были расходы с аргументом            Дата операции  ... Сумма операции с округлением
6360 2018-04-02 09:25:08  ...                       133.54
6359 2018-04-02 12:12:02  ...                       310.00
6358 2018-04-02 19:15:17  ...                        28.44
6357 2018-04-02 20:00:53  ...                        38.00
6356 2018-04-03 09:57:30  ...                       109.45
...                  ...  ...                          ...
6271 2018-04-21 12:49:14  ...                       433.93
6270 2018-04-21 19:14:04  ...                       300.00
6269 2018-04-21 19:46:33  ...                        94.00
6268 2018-04-22 09:20:57  ...                     36191.39
6267 2018-04-22 09:20:59  ...                     36191.39

[94 rows x 15 columns]
2025-04-30 21:22:42,655 - utils.py - get_card_with_spend - INFO: Успех! Данные получены без ошибок
2025-04-30 21:22:42,663 - utils.py - git_top_transaction - INFO: Запуск функции по топ-транзакциям с аргументами            Дата операции  ... Сумма операции с округлением
6360 2018-04-02 09:25:08  ...                       133.54
6359 2018-04-02 12:12:02  ...                       310.00
6358 2018-04-02 19:15:17  ...                        28.44
6357 2018-04-02 20:00:53  ...                        38.00
6356 2018-04-03 09:57:30  ...                       109.45
...                  ...  ...                          ...
6271 2018-04-21 12:49:14  ...                       433.93
6270 2018-04-21 19:14:04  ...                       300.00
6269 2018-04-21 19:46:33  ...                        94.00
6268 2018-04-22 09:20:57  ...                     36191.39
6267 2018-04-22 09:20:59  ...                     36191.39

[94 rows x 15 columns] и 5
2025-04-30 21:22:42,663 - utils.py - git_top_transaction - INFO: Успех! Получен топ-5 по сумме платежа
2025-04-30 21:22:42,663 - utils.py - get_currency - INFO: Запуск функции которая получает актуальный курс валют с аргументом C:\Users\Rendy\PycharmProjects\Project1\data\user_settings.json
2025-04-30 21:22:47,525 - utils.py - get_currency - INFO: Успех! Получен курс валют
2025-04-30 21:22:47,525 - utils.py - get_stock - INFO: Запуск функции которая получает актуальный курс акций SP500 с аргументом C:\Users\Rendy\PycharmProjects\Project1\data\user_settings.json
2025-04-30 21:22:48,295 - utils.py - get_stock - INFO: Успех! Получен курс акций SP500
2025-04-30 21:25:26,362 - utils.py - get_data_time - INFO: Запуск функции изменения формата даты и времени с аргументами 2018-04-22 18:16:00 и %Y-%m-%d %H:%M:%S
2025-04-30 21:25:26,362 - utils.py - get_data_time - INFO: Успех! Данные даты и времени успешно изменены
2025-04-30 21:25:26,362 - utils.py - get_path_and_period - INFO: Запуск функции среза по дате в excel файле с аргументами C:\Users\Rendy\PycharmProjects\Project1\data\operations.xlsx и ['01.04.2018 18:16:00', '22.04.2018 18:16:00']
2025-04-30 21:25:26,985 - utils.py - get_path_and_period - INFO: Успех! Получен срез даты
2025-04-30 21:25:26,985 - utils.py - get_time_for_greeting - INFO: Запуск функции приветствия
2025-04-30 21:25:26,985 - utils.py - get_time_for_greeting - INFO: Успех! Добрый вечер
2025-04-30 21:25:26,994 - utils.py - get_card_with_spend - INFO: Запуск функции со списком карт по которым были расходы с аргументом            Дата операции  ... Сумма операции с округлением
6360 2018-04-02 09:25:08  ...                       133.54
6359 2018-04-02 12:12:02  ...                       310.00
6358 2018-04-02 19:15:17  ...                        28.44
6357 2018-04-02 20:00:53  ...                        38.00
6356 2018-04-03 09:57:30  ...                       109.45
...                  ...  ...                          ...
6271 2018-04-21 12:49:14  ...                       433.93
6270 2018-04-21 19:14:04  ...                       300.00
6269 2018-04-21 19:46:33  ...                        94.00
6268 2018-04-22 09:20:57  ...                     36191.39
6267 2018-04-22 09:20:59  ...                     36191.39

[94 rows x 15 columns]
2025-04-30 21:25:26,997 - utils.py - get_card_with_spend - INFO: Успех! Данные получены без ошибок
2025-04-30 21:25:27,006 - utils.py - git_top_transaction - INFO: Запуск функции по топ-транзакциям с аргументами            Дата операции  ... Сумма операции с округлением
6360 2018-04-02 09:25:08  ...                       133.54
6359 2018-04-02 12:12:02  ...                       310.00
6358 2018-04-02 19:15:17  ...                        28.44
6357 2018-04-02 20:00:53  ...                        38.00
6356 2018-04-03 09:57:30  ...                       109.45
...                  ...  ...                          ...
6271 2018-04-21 12:49:14  ...                       433.93
6270 2018-04-21 19:14:04  ...                       300.00
6269 2018-04-21 19:46:33  ...                        94.00
6268 2018-04-22 09:20:57  ...                     36191.39
6267 2018-04-22 09:20:59  ...                     36191.39

[94 rows x 15 columns] и 5
2025-04-30 21:25:27,006 - utils.py - git_top_transaction - INFO: Успех! Получен топ-5 по сумме платежа
2025-04-30 21:25:27,006 - utils.py - get_currency - INFO: Запуск функции которая получает актуальный курс валют с аргументом C:\Users\Rendy\PycharmProjects\Project1\data\user_settings.json
2025-04-30 21:26:11,500 - utils.py - get_currency - INFO: Успех! Получен курс валют
2025-04-30 21:26:11,500 - utils.py - get_stock - INFO: Запуск функции которая получает актуальный курс акций SP500 с аргументом C:\Users\Rendy\PycharmProjects\Project1\data\user_settings.json
2025-04-30 21:26:12,261 - utils.py - get_stock - INFO: Успех! Получен курс акций SP500
2025-04-30 21:30:22,335 - utils.py - get_data_time - INFO: Запуск функции изменения формата даты и времени с аргументами 2018-04-22 18:16:00 и %Y-%m-%d %H:%M:%S
2025-04-30 21:30:22,335 - utils.py - get_data_time - INFO: Успех! Данные даты и времени успешно изменены
2025-04-30 21:30:22,335 - utils.py - get_path_and_period - INFO: Запуск функции среза по дате в excel файле с аргументами C:\Users\Rendy\PycharmProjects\Project1\data\operations.xlsx и ['01.04.2018 18:16:00', '22.04.2018 18:16:00']
2025-04-30 21:30:22,969 - utils.py - get_path_and_period - INFO: Успех! Получен срез даты
2025-04-30 21:30:22,969 - utils.py - get_time_for_greeting - INFO: Запуск функции приветствия
2025-04-30 21:30:22,969 - utils.py - get_time_for_greeting - INFO: Успех! Добрый вечер
2025-04-30 21:30:22,979 - utils.py - get_card_with_spend - INFO: Запуск функции со списком карт по которым были расходы с аргументом            Дата операции  ... Сумма операции с округлением
6360 2018-04-02 09:25:08  ...                       133.54
6359 2018-04-02 12:12:02  ...                       310.00
6358 2018-04-02 19:15:17  ...                        28.44
6357 2018-04-02 20:00:53  ...                        38.00
6356 2018-04-03 09:57:30  ...                       109.45
...                  ...  ...                          ...
6271 2018-04-21 12:49:14  ...                       433.93
6270 2018-04-21 19:14:04  ...                       300.00
6269 2018-04-21 19:46:33  ...                        94.00
6268 2018-04-22 09:20:57  ...                     36191.39
6267 2018-04-22 09:20:59  ...                     36191.39

[94 rows x 15 columns]
2025-04-30 21:30:22,982 - utils.py - get_card_with_spend - INFO: Успех! Данные получены без ошибок
2025-04-30 21:30:22,990 - utils.py - git_top_transaction - INFO: Запуск функции по топ-транзакциям с аргументами            Дата операции  ... Сумма операции с округлением
6360 2018-04-02 09:25:08  ...                       133.54
6359 2018-04-02 12:12:02  ...                       310.00
6358 2018-04-02 19:15:17  ...                        28.44
6357 2018-04-02 20:00:53  ...                        38.00
6356 2018-04-03 09:57:30  ...                       109.45
...                  ...  ...                          ...
6271 2018-04-21 12:49:14  ...                       433.93
6270 2018-04-21 19:14:04  ...                       300.00
6269 2018-04-21 19:46:33  ...                        94.00
6268 2018-04-22 09:20:57  ...                     36191.39
6267 2018-04-22 09:20:59  ...                     36191.39

[94 rows x 15 columns] и 5
2025-04-30 21:30:22,990 - utils.py - git_top_transaction - INFO: Успех! Получен топ-5 по сумме платежа
2025-04-30 21:30:22,990 - utils.py - get_currency - INFO: Запуск функции которая получает актуальный курс валют с аргументом C:\Users\Rendy\PycharmProjects\Project1\data\user_settings.json
2025-04-30 21:30:24,233 - utils.py - get_currency - INFO: Успех! Получен курс валют
2025-04-30 21:30:24,233 - utils.py - get_stock - INFO: Запуск функции которая получает актуальный курс акций SP500 с аргументом C:\Users\Rendy\PycharmProjects\Project1\data\user_settings.json
2025-04-30 21:30:25,164 - utils.py - get_stock - INFO: Успех! Получен курс акций SP500
2025-04-30 21:31:24,098 - utils.py - get_data_time - INFO: Запуск функции изменения формата даты и времени с аргументами 2018-04-22 18:16:00 и %Y-%m-%d %H:%M:%S
2025-04-30 21:31:24,098 - utils.py - get_data_time - INFO: Успех! Данные даты и времени успешно изменены
2025-04-30 21:31:24,098 - utils.py - get_path_and_period - INFO: Запуск функции среза по дате в excel файле с аргументами C:\Users\Rendy\PycharmProjects\Project1\data\operations.xlsx и ['01.04.2018 18:16:00', '22.04.2018 18:16:00']
2025-04-30 21:31:24,720 - utils.py - get_path_and_period - INFO: Успех! Получен срез даты
2025-04-30 21:31:24,721 - utils.py - get_time_for_greeting - INFO: Запуск функции приветствия
2025-04-30 21:31:24,721 - utils.py - get_time_for_greeting - INFO: Успех! Добрый вечер
2025-04-30 21:31:24,730 - utils.py - get_card_with_spend - INFO: Запуск функции со списком карт по которым были расходы с аргументом            Дата операции  ... Сумма операции с округлением
6360 2018-04-02 09:25:08  ...                       133.54
6359 2018-04-02 12:12:02  ...                       310.00
6358 2018-04-02 19:15:17  ...                        28.44
6357 2018-04-02 20:00:53  ...                        38.00
6356 2018-04-03 09:57:30  ...                       109.45
...                  ...  ...                          ...
6271 2018-04-21 12:49:14  ...                       433.93
6270 2018-04-21 19:14:04  ...                       300.00
6269 2018-04-21 19:46:33  ...                        94.00
6268 2018-04-22 09:20:57  ...                     36191.39
6267 2018-04-22 09:20:59  ...                     36191.39

[94 rows x 15 columns]
2025-04-30 21:31:24,733 - utils.py - get_card_with_spend - INFO: Успех! Данные получены без ошибок
2025-04-30 21:31:24,741 - utils.py - git_top_transaction - INFO: Запуск функции по топ-транзакциям с аргументами            Дата операции  ... Сумма операции с округлением
6360 2018-04-02 09:25:08  ...                       133.54
6359 2018-04-02 12:12:02  ...                       310.00
6358 2018-04-02 19:15:17  ...                        28.44
6357 2018-04-02 20:00:53  ...                        38.00
6356 2018-04-03 09:57:30  ...                       109.45
...                  ...  ...                          ...
6271 2018-04-21 12:49:14  ...                       433.93
6270 2018-04-21 19:14:04  ...                       300.00
6269 2018-04-21 19:46:33  ...                        94.00
6268 2018-04-22 09:20:57  ...                     36191.39
6267 2018-04-22 09:20:59  ...                     36191.39

[94 rows x 15 columns] и 5
2025-04-30 21:31:24,742 - utils.py - git_top_transaction - INFO: Успех! Получен топ-5 по сумме платежа
2025-04-30 21:31:24,742 - utils.py - get_currency - INFO: Запуск функции которая получает актуальный курс валют с аргументом C:\Users\Rendy\PycharmProjects\Project1\data\user_settings.json
2025-04-30 21:31:25,897 - utils.py - get_currency - INFO: Успех! Получен курс валют
2025-04-30 21:31:25,898 - utils.py - get_stock - INFO: Запуск функции которая получает актуальный курс акций SP500 с аргументом C:\Users\Rendy\PycharmProjects\Project1\data\user_settings.json
2025-04-30 21:31:26,710 - utils.py - get_stock - INFO: Успех! Получен курс акций SP500
2025-04-30 21:32:16,128 - utils.py - get_data_time - INFO: Запуск функции изменения формата даты и времени с аргументами 2018-04-22 18:16:00 и %Y-%m-%d %H:%M:%S
2025-04-30 21:32:16,129 - utils.py - get_data_time - INFO: Успех! Данные даты и времени успешно изменены
2025-04-30 21:32:16,129 - utils.py - get_path_and_period - INFO: Запуск функции среза по дате в excel файле с аргументами C:\Users\Rendy\PycharmProjects\Project1\data\operations.xlsx и ['01.04.2018 18:16:00', '22.04.2018 18:16:00']
2025-04-30 21:32:16,756 - utils.py - get_path_and_period - INFO: Успех! Получен срез даты
2025-04-30 21:32:16,756 - utils.py - get_time_for_greeting - INFO: Запуск функции приветствия
2025-04-30 21:32:16,757 - utils.py - get_time_for_greeting - INFO: Успех! Добрый вечер
2025-04-30 21:32:16,766 - utils.py - get_card_with_spend - INFO: Запуск функции со списком карт по которым были расходы с аргументом            Дата операции  ... Сумма операции с округлением
6360 2018-04-02 09:25:08  ...                       133.54
6359 2018-04-02 12:12:02  ...                       310.00
6358 2018-04-02 19:15:17  ...                        28.44
6357 2018-04-02 20:00:53  ...                        38.00
6356 2018-04-03 09:57:30  ...                       109.45
...                  ...  ...                          ...
6271 2018-04-21 12:49:14  ...                       433.93
6270 2018-04-21 19:14:04  ...                       300.00
6269 2018-04-21 19:46:33  ...                        94.00
6268 2018-04-22 09:20:57  ...                     36191.39
6267 2018-04-22 09:20:59  ...                     36191.39

[94 rows x 15 columns]
2025-04-30 21:32:16,769 - utils.py - get_card_with_spend - INFO: Успех! Данные получены без ошибок
2025-04-30 21:32:16,778 - utils.py - git_top_transaction - INFO: Запуск функции по топ-транзакциям с аргументами            Дата операции  ... Сумма операции с округлением
6360 2018-04-02 09:25:08  ...                       133.54
6359 2018-04-02 12:12:02  ...                       310.00
6358 2018-04-02 19:15:17  ...                        28.44
6357 2018-04-02 20:00:53  ...                        38.00
6356 2018-04-03 09:57:30  ...                       109.45
...                  ...  ...                          ...
6271 2018-04-21 12:49:14  ...                       433.93
6270 2018-04-21 19:14:04  ...                       300.00
6269 2018-04-21 19:46:33  ...                        94.00
6268 2018-04-22 09:20:57  ...                     36191.39
6267 2018-04-22 09:20:59  ...                     36191.39

[94 rows x 15 columns] и 5
2025-04-30 21:32:16,779 - utils.py - git_top_transaction - INFO: Успех! Получен топ-5 по сумме платежа
2025-04-30 21:32:16,779 - utils.py - get_currency - INFO: Запуск функции которая получает актуальный курс валют с аргументом C:\Users\Rendy\PycharmProjects\Project1\data\user_settings.json
2025-04-30 21:32:17,809 - utils.py - get_currency - INFO: Успех! Получен курс валют
2025-04-30 21:32:17,809 - utils.py - get_stock - INFO: Запуск функции которая получает актуальный курс акций SP500 с аргументом C:\Users\Rendy\PycharmProjects\Project1\data\user_settings.json
2025-04-30 21:32:18,664 - utils.py - get_stock - INFO: Успех! Получен курс акций SP500
2025-04-30 21:38:55,315 - utils.py - simple_search - INFO: Запуск функции простого поиска с аргументами C:\Users\Rendy\PycharmProjects\Project1\data\operations.xlsx и Супермаркеты
2025-04-30 21:38:55,940 - utils.py - simple_search - INFO: Успех! Данные отфильтрованы по описанию | категории
2025-04-30 21:40:31,168 - utils.py - simple_search - INFO: Запуск функции простого поиска с аргументами C:\Users\Rendy\PycharmProjects\Project1\data\operations.xlsx и Супермаркеты
2025-04-30 21:40:31,811 - utils.py - simple_search - INFO: Успех! Данные отфильтрованы по описанию | категории
2025-04-30 21:43:28,490 - utils.py - find_mobile_payments - INFO: Запуск функции поиска транзакций с мобильными номерами в описании с аргмуентом C:\Users\Rendy\PycharmProjects\Project1\data\operations.xlsx
2025-04-30 21:43:29,103 - utils.py - find_mobile_payments - INFO: Успех! Данные с номером телефона в описании транзакций отфильтрованы
2025-04-30 21:44:02,623 - utils.py - find_person_transfers - INFO: Запуск функции поиска переводов физическим лицам с аргументом C:\Users\Rendy\PycharmProjects\Project1\data\operations.xlsx
2025-04-30 21:44:03,242 - utils.py - find_person_transfers - INFO: Успех! Данные с переводами физ лицам отфильтрованы
2025-04-30 21:49:46,786 - utils.py - get_data_time - INFO: Запуск функции изменения формата даты и времени с аргументами 2018-04-22 18:16:00 и %Y-%m-%d %H:%M:%S
2025-04-30 21:49:46,787 - utils.py - get_data_time - INFO: Успех! Данные даты и времени успешно изменены
2025-04-30 21:49:46,787 - utils.py - get_path_and_period - INFO: Запуск функции среза по дате в excel файле с аргументами C:\Users\Rendy\PycharmProjects\Project1\data\operations.xlsx и ['01.04.2018 18:16:00', '22.04.2018 18:16:00']
2025-04-30 21:49:47,413 - utils.py - get_path_and_period - INFO: Успех! Получен срез даты
2025-04-30 21:49:47,414 - utils.py - get_time_for_greeting - INFO: Запуск функции приветствия
2025-04-30 21:49:47,414 - utils.py - get_time_for_greeting - INFO: Успех! Добрый вечер
2025-04-30 21:49:47,423 - utils.py - get_card_with_spend - INFO: Запуск функции со списком карт по которым были расходы с аргументом            Дата операции  ... Сумма операции с округлением
6360 2018-04-02 09:25:08  ...                       133.54
6359 2018-04-02 12:12:02  ...                       310.00
6358 2018-04-02 19:15:17  ...                        28.44
6357 2018-04-02 20:00:53  ...                        38.00
6356 2018-04-03 09:57:30  ...                       109.45
...                  ...  ...                          ...
6271 2018-04-21 12:49:14  ...                       433.93
6270 2018-04-21 19:14:04  ...                       300.00
6269 2018-04-21 19:46:33  ...                        94.00
6268 2018-04-22 09:20:57  ...                     36191.39
6267 2018-04-22 09:20:59  ...                     36191.39

[94 rows x 15 columns]
2025-04-30 21:49:47,426 - utils.py - get_card_with_spend - INFO: Успех! Данные получены без ошибок
2025-04-30 21:49:47,434 - utils.py - git_top_transaction - INFO: Запуск функции по топ-транзакциям с аргументами            Дата операции  ... Сумма операции с округлением
6360 2018-04-02 09:25:08  ...                       133.54
6359 2018-04-02 12:12:02  ...                       310.00
6358 2018-04-02 19:15:17  ...                        28.44
6357 2018-04-02 20:00:53  ...                        38.00
6356 2018-04-03 09:57:30  ...                       109.45
...                  ...  ...                          ...
6271 2018-04-21 12:49:14  ...                       433.93
6270 2018-04-21 19:14:04  ...                       300.00
6269 2018-04-21 19:46:33  ...                        94.00
6268 2018-04-22 09:20:57  ...                     36191.39
6267 2018-04-22 09:20:59  ...                     36191.39

[94 rows x 15 columns] и 5
2025-04-30 21:49:47,435 - utils.py - git_top_transaction - INFO: Успех! Получен топ-5 по сумме платежа
2025-04-30 21:49:47,435 - utils.py - get_currency - INFO: Запуск функции которая получает актуальный курс валют с аргументом C:\Users\Rendy\PycharmProjects\Project1\data\user_settings.json
2025-04-30 21:49:48,650 - utils.py - get_currency - INFO: Успех! Получен курс валют
2025-04-30 21:49:48,650 - utils.py - get_stock - INFO: Запуск функции которая получает актуальный курс акций SP500 с аргументом C:\Users\Rendy\PycharmProjects\Project1\data\user_settings.json
2025-04-30 21:49:49,507 - utils.py - get_stock - INFO: Успех! Получен курс акций SP500
2025-04-30 21:49:54,036 - utils.py - find_mobile_payments - INFO: Запуск функции поиска транзакций с мобильными номерами в описании с аргмуентом C:\Users\Rendy\PycharmProjects\Project1\data\operations.xlsx
2025-04-30 21:49:54,589 - utils.py - find_mobile_payments - INFO: Успех! Данные с номером телефона в описании транзакций отфильтрованы
2025-05-01 00:54:43,923 - utils.py - simple_search - INFO: Запуск функции простого поиска с аргументами C:\Users\Rendy\PycharmProjects\Project1\data\operations.xlsx и тест
2025-05-01 00:54:45,938 - utils.py - simple_search - INFO: Успех! Данные отфильтрованы по описанию | категории
2025-05-01 00:54:46,052 - utils.py - find_mobile_payments - INFO: Запуск функции поиска транзакций с мобильными номерами в описании с аргмуентом C:\Users\Rendy\PycharmProjects\Project1\data\operations.xlsx
2025-05-01 00:54:47,235 - utils.py - find_mobile_payments - INFO: Успех! Данные с номером телефона в описании транзакций отфильтрованы
2025-05-01 00:54:47,242 - utils.py - find_person_transfers - INFO: Запуск функции поиска переводов физическим лицам с аргументом C:\Users\Rendy\PycharmProjects\Project1\data\operations.xlsx
2025-05-01 00:54:48,403 - utils.py - find_person_transfers - INFO: Успех! Данные с переводами физ лицам отфильтрованы
2025-05-01 00:54:48,412 - utils.py - find_mobile_payments - INFO: Запуск функции поиска транзакций с мобильными номерами в описании с аргмуентом C:\Users\Rendy\PycharmProjects\Project1\data\operations.xlsx
2025-05-01 00:54:49,573 - utils.py - find_mobile_payments - INFO: Успех! Данные с номером телефона в описании транзакций отфильтрованы
2025-05-01 00:54:49,581 - utils.py - find_mobile_payments - INFO: Запуск функции поиска транзакций с мобильными номерами в описании с аргмуентом dummy_path.xlsx
2025-05-01 00:54:49,582 - utils.py - find_mobile_payments - INFO: Успех! Данные с номером телефона в описании транзакций отфильтрованы
2025-05-01 00:54:49,584 - utils.py - find_person_transfers - INFO: Запуск функции поиска переводов физическим лицам с аргументом dummy_path.xlsx
2025-05-01 00:54:49,584 - utils.py - find_person_transfers - INFO: Успех! Данные с переводами физ лицам отфильтрованы
2025-05-01 00:54:49,598 - utils.py - get_card_with_spend - INFO: Запуск функции со списком карт по которым были расходы с аргументом     Номер карты  Сумма операции  Кэшбэк  Сумма операции с округлением
0  1234****5678            -100       5                          -100
1  8765****4321             200       0                           200
2  1234****5678            -300      15                          -300
2025-05-01 00:54:49,599 - utils.py - get_card_with_spend - INFO: Успех! Данные получены без ошибок
2025-05-01 00:54:49,602 - utils.py - get_currency - INFO: Запуск функции которая получает актуальный курс валют с аргументом dummy_path.json
2025-05-01 00:54:49,603 - utils.py - get_currency - INFO: Успех! Получен курс валют
2025-05-01 00:54:49,607 - utils.py - get_data_time - INFO: Запуск функции изменения формата даты и времени с аргументами 2023-05-15 14:30:00 и %Y-%m-%d %H:%M:%S
2025-05-01 00:54:49,608 - utils.py - get_data_time - INFO: Успех! Данные даты и времени успешно изменены
2025-05-01 00:54:49,608 - utils.py - get_data_time - INFO: Запуск функции изменения формата даты и времени с аргументами 2023/05/15 14-30-00 и %Y/%m/%d %H-%M-%S
2025-05-01 00:54:49,610 - utils.py - get_data_time - INFO: Успех! Данные даты и времени успешно изменены
2025-05-01 00:54:49,614 - utils.py - get_path_and_period - INFO: Запуск функции среза по дате в excel файле с аргументами dummy_path.xlsx и ['01.05.2023 00:00:00', '15.05.2023 00:00:00']
2025-05-01 00:54:49,616 - utils.py - get_path_and_period - INFO: Успех! Получен срез даты
2025-05-01 00:54:49,619 - utils.py - get_stock - INFO: Запуск функции которая получает актуальный курс акций SP500 с аргументом dummy_path.json
2025-05-01 00:54:49,620 - utils.py - get_stock - INFO: Успех! Получен курс акций SP500
2025-05-01 00:54:49,622 - utils.py - get_time_for_greeting - INFO: Запуск функции приветствия
2025-05-01 00:54:49,622 - utils.py - get_time_for_greeting - INFO: Успех! Доброе утро
2025-05-01 00:54:49,622 - utils.py - get_time_for_greeting - INFO: Запуск функции приветствия
2025-05-01 00:54:49,622 - utils.py - get_time_for_greeting - INFO: Успех! Добрый день
2025-05-01 00:54:49,622 - utils.py - get_time_for_greeting - INFO: Запуск функции приветствия
2025-05-01 00:54:49,622 - utils.py - get_time_for_greeting - INFO: Успех! Добрый вечер
2025-05-01 00:54:49,622 - utils.py - get_time_for_greeting - INFO: Запуск функции приветствия
2025-05-01 00:54:49,622 - utils.py - get_time_for_greeting - INFO: Успех! Доброй ночи
2025-05-01 00:54:49,628 - utils.py - git_top_transaction - INFO: Запуск функции по топ-транзакциям с аргументами   Дата платежа  Сумма операции Категория Описание
0   2023-05-01             100         A    Desc1
1   2023-05-02             500         B    Desc2
2   2023-05-03             300         C    Desc3 и 2
2025-05-01 00:54:49,629 - utils.py - git_top_transaction - INFO: Успех! Получен топ-5 по сумме платежа
2025-05-01 00:54:49,631 - utils.py - simple_search - INFO: Запуск функции простого поиска с аргументами dummy_path.xlsx и магазин
2025-05-01 00:54:49,632 - utils.py - simple_search - INFO: Успех! Данные отфильтрованы по описанию | категории
2025-05-01 00:54:49,632 - utils.py - simple_search - INFO: Запуск функции простого поиска с аргументами dummy_path.xlsx и услуг
2025-05-01 00:54:49,633 - utils.py - simple_search - INFO: Успех! Данные отфильтрованы по описанию | категории
2025-05-01 00:55:17,888 - utils.py - find_mobile_payments - INFO: Запуск функции поиска транзакций с мобильными номерами в описании с аргмуентом dummy_path.xlsx
2025-05-01 00:55:17,891 - utils.py - find_mobile_payments - INFO: Успех! Данные с номером телефона в описании транзакций отфильтрованы
2025-05-01 00:55:17,894 - utils.py - find_person_transfers - INFO: Запуск функции поиска переводов физическим лицам с аргументом dummy_path.xlsx
2025-05-01 00:55:17,896 - utils.py - find_person_transfers - INFO: Успех! Данные с переводами физ лицам отфильтрованы
2025-05-01 00:55:17,903 - utils.py - get_card_with_spend - INFO: Запуск функции со списком карт по которым были расходы с аргументом     Номер карты  Сумма операции  Кэшбэк  Сумма операции с округлением
0  1234****5678            -100       5                          -100
1  8765****4321             200       0                           200
2  1234****5678            -300      15                          -300
2025-05-01 00:55:17,904 - utils.py - get_card_with_spend - INFO: Успех! Данные получены без ошибок
2025-05-01 00:55:17,908 - utils.py - get_currency - INFO: Запуск функции которая получает актуальный курс валют с аргументом dummy_path.json
2025-05-01 00:55:17,909 - utils.py - get_currency - INFO: Успех! Получен курс валют
2025-05-01 00:55:17,912 - utils.py - get_data_time - INFO: Запуск функции изменения формата даты и времени с аргументами 2023-05-15 14:30:00 и %Y-%m-%d %H:%M:%S
2025-05-01 00:55:17,913 - utils.py - get_data_time - INFO: Успех! Данные даты и времени успешно изменены
2025-05-01 00:55:17,913 - utils.py - get_data_time - INFO: Запуск функции изменения формата даты и времени с аргументами 2023/05/15 14-30-00 и %Y/%m/%d %H-%M-%S
2025-05-01 00:55:17,915 - utils.py - get_data_time - INFO: Успех! Данные даты и времени успешно изменены
2025-05-01 00:55:17,922 - utils.py - get_path_and_period - INFO: Запуск функции среза по дате в excel файле с аргументами dummy_path.xlsx и ['01.05.2023 00:00:00', '15.05.2023 00:00:00']
2025-05-01 00:55:17,925 - utils.py - get_path_and_period - INFO: Успех! Получен срез даты
2025-05-01 00:55:17,929 - utils.py - get_stock - INFO: Запуск функции которая получает актуальный курс акций SP500 с аргументом dummy_path.json
2025-05-01 00:55:17,929 - utils.py - get_stock - INFO: Успех! Получен курс акций SP500
2025-05-01 00:55:17,932 - utils.py - get_time_for_greeting - INFO: Запуск функции приветствия
2025-05-01 00:55:17,932 - utils.py - get_time_for_greeting - INFO: Успех! Доброе утро
2025-05-01 00:55:17,932 - utils.py - get_time_for_greeting - INFO: Запуск функции приветствия
2025-05-01 00:55:17,932 - utils.py - get_time_for_greeting - INFO: Успех! Добрый день
2025-05-01 00:55:17,932 - utils.py - get_time_for_greeting - INFO: Запуск функции приветствия
2025-05-01 00:55:17,932 - utils.py - get_time_for_greeting - INFO: Успех! Добрый вечер
2025-05-01 00:55:17,932 - utils.py - get_time_for_greeting - INFO: Запуск функции приветствия
2025-05-01 00:55:17,933 - utils.py - get_time_for_greeting - INFO: Успех! Доброй ночи
2025-05-01 00:55:17,939 - utils.py - git_top_transaction - INFO: Запуск функции по топ-транзакциям с аргументами   Дата платежа  Сумма операции Категория Описание
0   2023-05-01             100         A    Desc1
1   2023-05-02             500         B    Desc2
2   2023-05-03             300         C    Desc3 и 2
2025-05-01 00:55:17,940 - utils.py - git_top_transaction - INFO: Успех! Получен топ-5 по сумме платежа
2025-05-01 00:55:17,943 - utils.py - simple_search - INFO: Запуск функции простого поиска с аргументами dummy_path.xlsx и магазин
2025-05-01 00:55:17,944 - utils.py - simple_search - INFO: Успех! Данные отфильтрованы по описанию | категории
2025-05-01 00:55:17,944 - utils.py - simple_search - INFO: Запуск функции простого поиска с аргументами dummy_path.xlsx и услуг
2025-05-01 00:55:17,946 - utils.py - simple_search - INFO: Успех! Данные отфильтрованы по описанию | категории
2025-05-01 00:55:23,999 - utils.py - simple_search - INFO: Запуск функции простого поиска с аргументами C:\Users\Rendy\PycharmProjects\Project1\data\operations.xlsx и тест
2025-05-01 00:55:25,330 - utils.py - simple_search - INFO: Успех! Данные отфильтрованы по описанию | категории
2025-05-01 00:55:25,450 - utils.py - find_mobile_payments - INFO: Запуск функции поиска транзакций с мобильными номерами в описании с аргмуентом C:\Users\Rendy\PycharmProjects\Project1\data\operations.xlsx
2025-05-01 00:55:26,626 - utils.py - find_mobile_payments - INFO: Успех! Данные с номером телефона в описании транзакций отфильтрованы
2025-05-01 00:55:26,680 - utils.py - find_person_transfers - INFO: Запуск функции поиска переводов физическим лицам с аргументом C:\Users\Rendy\PycharmProjects\Project1\data\operations.xlsx
2025-05-01 00:55:27,848 - utils.py - find_person_transfers - INFO: Успех! Данные с переводами физ лицам отфильтрованы
2025-05-01 00:55:28,023 - utils.py - find_mobile_payments - INFO: Запуск функции поиска транзакций с мобильными номерами в описании с аргмуентом C:\Users\Rendy\PycharmProjects\Project1\data\operations.xlsx
2025-05-01 00:55:29,233 - utils.py - find_mobile_payments - INFO: Успех! Данные с номером телефона в описании транзакций отфильтрованы
2025-05-01 00:57:20,742 - utils.py - simple_search - INFO: Запуск функции простого поиска с аргументами C:\Users\Rendy\PycharmProjects\Project1\data\operations.xlsx и тест
2025-05-01 00:57:22,076 - utils.py - simple_search - INFO: Успех! Данные отфильтрованы по описанию | категории
2025-05-01 00:57:22,079 - utils.py - find_mobile_payments - INFO: Запуск функции поиска транзакций с мобильными номерами в описании с аргмуентом C:\Users\Rendy\PycharmProjects\Project1\data\operations.xlsx
2025-05-01 00:57:23,310 - utils.py - find_mobile_payments - INFO: Успех! Данные с номером телефона в описании транзакций отфильтрованы
2025-05-01 00:57:23,314 - utils.py - find_person_transfers - INFO: Запуск функции поиска переводов физическим лицам с аргументом C:\Users\Rendy\PycharmProjects\Project1\data\operations.xlsx
2025-05-01 00:57:24,509 - utils.py - find_person_transfers - INFO: Успех! Данные с переводами физ лицам отфильтрованы
2025-05-01 00:57:24,515 - utils.py - find_mobile_payments - INFO: Запуск функции поиска транзакций с мобильными номерами в описании с аргмуентом C:\Users\Rendy\PycharmProjects\Project1\data\operations.xlsx
2025-05-01 00:57:25,720 - utils.py - find_mobile_payments - INFO: Успех! Данные с номером телефона в описании транзакций отфильтрованы
2025-05-01 00:57:25,726 - utils.py - find_mobile_payments - INFO: Запуск функции поиска транзакций с мобильными номерами в описании с аргмуентом dummy_path.xlsx
2025-05-01 00:57:25,727 - utils.py - find_mobile_payments - INFO: Успех! Данные с номером телефона в описании транзакций отфильтрованы
2025-05-01 00:57:25,729 - utils.py - find_person_transfers - INFO: Запуск функции поиска переводов физическим лицам с аргументом dummy_path.xlsx
2025-05-01 00:57:25,730 - utils.py - find_person_transfers - INFO: Успех! Данные с переводами физ лицам отфильтрованы
2025-05-01 00:57:25,738 - utils.py - get_card_with_spend - INFO: Запуск функции со списком карт по которым были расходы с аргументом     Номер карты  Сумма операции  Кэшбэк  Сумма операции с округлением
0  1234****5678            -100       5                          -100
1  8765****4321             200       0                           200
2  1234****5678            -300      15                          -300
2025-05-01 00:57:25,739 - utils.py - get_card_with_spend - INFO: Успех! Данные получены без ошибок
2025-05-01 00:57:25,742 - utils.py - get_currency - INFO: Запуск функции которая получает актуальный курс валют с аргументом dummy_path.json
2025-05-01 00:57:25,742 - utils.py - get_currency - INFO: Успех! Получен курс валют
2025-05-01 00:57:25,746 - utils.py - get_data_time - INFO: Запуск функции изменения формата даты и времени с аргументами 2023-05-15 14:30:00 и %Y-%m-%d %H:%M:%S
2025-05-01 00:57:25,748 - utils.py - get_data_time - INFO: Успех! Данные даты и времени успешно изменены
2025-05-01 00:57:25,748 - utils.py - get_data_time - INFO: Запуск функции изменения формата даты и времени с аргументами 2023/05/15 14-30-00 и %Y/%m/%d %H-%M-%S
2025-05-01 00:57:25,749 - utils.py - get_data_time - INFO: Успех! Данные даты и времени успешно изменены
2025-05-01 00:57:25,754 - utils.py - get_path_and_period - INFO: Запуск функции среза по дате в excel файле с аргументами dummy_path.xlsx и ['01.05.2023 00:00:00', '15.05.2023 00:00:00']
2025-05-01 00:57:25,755 - utils.py - get_path_and_period - INFO: Успех! Получен срез даты
2025-05-01 00:57:25,759 - utils.py - get_stock - INFO: Запуск функции которая получает актуальный курс акций SP500 с аргументом dummy_path.json
2025-05-01 00:57:25,759 - utils.py - get_stock - INFO: Успех! Получен курс акций SP500
2025-05-01 00:57:25,761 - utils.py - get_time_for_greeting - INFO: Запуск функции приветствия
2025-05-01 00:57:25,761 - utils.py - get_time_for_greeting - INFO: Успех! Доброе утро
2025-05-01 00:57:25,761 - utils.py - get_time_for_greeting - INFO: Запуск функции приветствия
2025-05-01 00:57:25,761 - utils.py - get_time_for_greeting - INFO: Успех! Добрый день
2025-05-01 00:57:25,761 - utils.py - get_time_for_greeting - INFO: Запуск функции приветствия
2025-05-01 00:57:25,761 - utils.py - get_time_for_greeting - INFO: Успех! Добрый вечер
2025-05-01 00:57:25,762 - utils.py - get_time_for_greeting - INFO: Запуск функции приветствия
2025-05-01 00:57:25,762 - utils.py - get_time_for_greeting - INFO: Успех! Доброй ночи
2025-05-01 00:57:25,767 - utils.py - git_top_transaction - INFO: Запуск функции по топ-транзакциям с аргументами   Дата платежа  Сумма операции Категория Описание
0   2023-05-01             100         A    Desc1
1   2023-05-02             500         B    Desc2
2   2023-05-03             300         C    Desc3 и 2
2025-05-01 00:57:25,768 - utils.py - git_top_transaction - INFO: Успех! Получен топ-5 по сумме платежа
2025-05-01 00:57:25,770 - utils.py - simple_search - INFO: Запуск функции простого поиска с аргументами dummy_path.xlsx и магазин
2025-05-01 00:57:25,771 - utils.py - simple_search - INFO: Успех! Данные отфильтрованы по описанию | категории
2025-05-01 00:57:25,772 - utils.py - simple_search - INFO: Запуск функции простого поиска с аргументами dummy_path.xlsx и услуг
2025-05-01 00:57:25,772 - utils.py - simple_search - INFO: Успех! Данные отфильтрованы по описанию | категории
