2025-04-30 18:16:36,697 - views.py - <module> - INFO: Запуск функции главной страницы с заданными параметрами
2025-04-30 18:16:37,394 - views.py - main_info - INFO: Запуск функции приветствия
2025-04-30 18:16:37,406 - views.py - main_info - INFO: Запуск функции со списком карт по которым были расходы с аргументом            Дата операции  ... Сумма операции с округлением
6360 2018-04-02 09:25:08  ...                       133.54
6359 2018-04-02 12:12:02  ...                       310.00
6358 2018-04-02 19:15:17  ...                        28.44
6357 2018-04-02 20:00:53  ...                        38.00
6356 2018-04-03 09:57:30  ...                       109.45
...                  ...  ...                          ...
6271 2018-04-21 12:49:14  ...                       433.93
6270 2018-04-21 19:14:04  ...                       300.00
6269 2018-04-21 19:46:33  ...                        94.00
6268 2018-04-22 09:20:57  ...                     36191.39
6267 2018-04-22 09:20:59  ...                     36191.39

[94 rows x 15 columns]
2025-04-30 18:17:23,710 - views.py - <module> - INFO: Запуск функции главной страницы с заданными параметрами
2025-04-30 18:17:24,348 - views.py - main_info - INFO: Запуск функции приветствия
2025-04-30 18:17:24,357 - views.py - main_info - INFO: Запуск функции со списком карт по которым были расходы с аргументом            Дата операции  ... Сумма операции с округлением
6360 2018-04-02 09:25:08  ...                       133.54
6359 2018-04-02 12:12:02  ...                       310.00
6358 2018-04-02 19:15:17  ...                        28.44
6357 2018-04-02 20:00:53  ...                        38.00
6356 2018-04-03 09:57:30  ...                       109.45
...                  ...  ...                          ...
6271 2018-04-21 12:49:14  ...                       433.93
6270 2018-04-21 19:14:04  ...                       300.00
6269 2018-04-21 19:46:33  ...                        94.00
6268 2018-04-22 09:20:57  ...                     36191.39
6267 2018-04-22 09:20:59  ...                     36191.39

[94 rows x 15 columns]
2025-04-30 18:17:24,376 - views.py - main_info - INFO: Запуск функции по топ-транзакциям с аргументом            Дата операции  ... Сумма операции с округлением
6360 2018-04-02 09:25:08  ...                       133.54
6359 2018-04-02 12:12:02  ...                       310.00
6358 2018-04-02 19:15:17  ...                        28.44
6357 2018-04-02 20:00:53  ...                        38.00
6356 2018-04-03 09:57:30  ...                       109.45
...                  ...  ...                          ...
6271 2018-04-21 12:49:14  ...                       433.93
6270 2018-04-21 19:14:04  ...                       300.00
6269 2018-04-21 19:46:33  ...                        94.00
6268 2018-04-22 09:20:57  ...                     36191.39
6267 2018-04-22 09:20:59  ...                     36191.39

[94 rows x 15 columns]
2025-04-30 18:18:20,084 - views.py - <module> - INFO: Запуск функции главной страницы с заданными параметрами
2025-04-30 18:18:20,735 - views.py - main_info - INFO: Запуск функции приветствия
2025-04-30 18:18:20,735 - views.py - main_info - INFO: Запуск функции со списком карт по которым были расходы
2025-04-30 18:18:20,748 - views.py - main_info - INFO: Запуск функции по топ-транзакциям
2025-04-30 18:18:20,757 - views.py - main_info - INFO: Запуск функции которая получает актуальный курс валют
2025-04-30 18:18:21,909 - views.py - main_info - INFO: Запуск функции которая получает актуальный курс акций SP500
2025-04-30 18:18:22,769 - views.py - main_info - INFO: Успех! Получен отфильтрованный json файл по заданным параметрам
2025-04-30 18:20:43,324 - views.py - <module> - INFO: Запуск функции главной страницы с заданными параметрами
2025-04-30 18:20:43,975 - views.py - main_info - INFO: Запуск функции приветствия
2025-04-30 18:20:43,975 - views.py - main_info - INFO: Запуск функции со списком карт по которым были расходы
2025-04-30 18:20:43,988 - views.py - main_info - INFO: Запуск функции по топ-транзакциям
2025-04-30 18:20:43,996 - views.py - main_info - INFO: Запуск функции которая получает актуальный курс валют
2025-04-30 18:21:26,217 - views.py - main_info - INFO: Запуск функции которая получает актуальный курс акций SP500
2025-04-30 18:21:27,108 - views.py - main_info - INFO: Успех! Получен отфильтрованный json файл по заданным параметрам
2025-04-30 19:41:39,094 - views.py - <module> - INFO: Запуск функции главной страницы с заданными параметрами
2025-04-30 19:41:39,104 - views.py - main_info - INFO: Запуск функции приветствия
2025-04-30 19:41:39,104 - views.py - main_info - INFO: Запуск функции со списком карт по которым были расходы
2025-04-30 19:41:39,104 - views.py - main_info - INFO: Запуск функции по топ-транзакциям
2025-04-30 19:41:39,104 - views.py - main_info - INFO: Запуск функции которая получает актуальный курс валют
2025-04-30 19:41:39,104 - views.py - main_info - INFO: Запуск функции которая получает актуальный курс акций SP500
2025-04-30 19:41:39,105 - views.py - main_info - INFO: Успех! Получен отфильтрованный json файл по заданным параметрам
2025-04-30 19:41:39,108 - views.py - main_info - INFO: Запуск функции приветствия
2025-04-30 19:41:39,108 - views.py - main_info - INFO: Запуск функции со списком карт по которым были расходы
2025-04-30 19:41:39,108 - views.py - main_info - INFO: Запуск функции по топ-транзакциям
2025-04-30 19:41:39,109 - views.py - main_info - INFO: Запуск функции которая получает актуальный курс валют
2025-04-30 19:41:39,109 - views.py - main_info - INFO: Запуск функции которая получает актуальный курс акций SP500
2025-04-30 19:41:39,109 - views.py - main_info - INFO: Успех! Получен отфильтрованный json файл по заданным параметрам
2025-04-30 19:43:49,644 - views.py - <module> - INFO: Запуск функции главной страницы с заданными параметрами
2025-04-30 19:43:55,301 - views.py - main_info - INFO: Запуск функции приветствия
2025-04-30 19:43:55,301 - views.py - main_info - INFO: Запуск функции со списком карт по которым были расходы
2025-04-30 19:43:55,301 - views.py - main_info - INFO: Запуск функции по топ-транзакциям
2025-04-30 19:43:55,301 - views.py - main_info - INFO: Запуск функции которая получает актуальный курс валют
2025-04-30 19:43:55,301 - views.py - main_info - INFO: Запуск функции которая получает актуальный курс акций SP500
2025-04-30 19:43:55,301 - views.py - main_info - INFO: Успех! Получен отфильтрованный json файл по заданным параметрам
2025-04-30 19:43:55,304 - views.py - main_info - INFO: Запуск функции приветствия
2025-04-30 19:43:55,304 - views.py - main_info - INFO: Запуск функции со списком карт по которым были расходы
2025-04-30 19:43:55,304 - views.py - main_info - INFO: Запуск функции по топ-транзакциям
2025-04-30 19:43:55,304 - views.py - main_info - INFO: Запуск функции которая получает актуальный курс валют
2025-04-30 19:43:55,304 - views.py - main_info - INFO: Запуск функции которая получает актуальный курс акций SP500
2025-04-30 19:43:55,304 - views.py - main_info - INFO: Успех! Получен отфильтрованный json файл по заданным параметрам
2025-04-30 21:22:42,023 - views.py - main_info - INFO: Запуск функции главной страницы с заданными параметрами
2025-04-30 21:22:42,642 - views.py - main_info - INFO: Запуск функции приветствия
2025-04-30 21:22:42,642 - views.py - main_info - INFO: Запуск функции со списком карт по которым были расходы
2025-04-30 21:22:42,655 - views.py - main_info - INFO: Запуск функции по топ-транзакциям
2025-04-30 21:22:42,663 - views.py - main_info - INFO: Запуск функции которая получает актуальный курс валют
2025-04-30 21:22:47,525 - views.py - main_info - INFO: Запуск функции которая получает актуальный курс акций SP500
2025-04-30 21:22:48,295 - views.py - main_info - INFO: Успех! Получен отфильтрованный json файл по заданным параметрам
2025-04-30 21:25:26,362 - views.py - main_info - INFO: Запуск функции главной страницы с заданными параметрами
2025-04-30 21:25:26,985 - views.py - main_info - INFO: Запуск функции приветствия
2025-04-30 21:25:26,985 - views.py - main_info - INFO: Запуск функции со списком карт по которым были расходы
2025-04-30 21:25:26,997 - views.py - main_info - INFO: Запуск функции по топ-транзакциям
2025-04-30 21:25:27,006 - views.py - main_info - INFO: Запуск функции которая получает актуальный курс валют
2025-04-30 21:26:11,500 - views.py - main_info - INFO: Запуск функции которая получает актуальный курс акций SP500
2025-04-30 21:26:12,262 - views.py - main_info - INFO: Успех! Получен отфильтрованный json файл по заданным параметрам
2025-04-30 21:30:22,335 - views.py - main_info - INFO: Запуск функции главной страницы с заданными параметрами
2025-04-30 21:30:22,969 - views.py - main_info - INFO: Запуск функции приветствия
2025-04-30 21:30:22,969 - views.py - main_info - INFO: Запуск функции со списком карт по которым были расходы
2025-04-30 21:30:22,982 - views.py - main_info - INFO: Запуск функции по топ-транзакциям
2025-04-30 21:30:22,990 - views.py - main_info - INFO: Запуск функции которая получает актуальный курс валют
2025-04-30 21:30:24,233 - views.py - main_info - INFO: Запуск функции которая получает актуальный курс акций SP500
2025-04-30 21:30:25,165 - views.py - main_info - INFO: Успех! Получен отфильтрованный json файл по заданным параметрам
2025-04-30 21:31:24,097 - views.py - main_info - INFO: Запуск функции главной страницы с заданными параметрами
2025-04-30 21:31:24,721 - views.py - main_info - INFO: Запуск функции приветствия
2025-04-30 21:31:24,721 - views.py - main_info - INFO: Запуск функции со списком карт по которым были расходы
2025-04-30 21:31:24,733 - views.py - main_info - INFO: Запуск функции по топ-транзакциям
2025-04-30 21:31:24,742 - views.py - main_info - INFO: Запуск функции которая получает актуальный курс валют
2025-04-30 21:31:25,897 - views.py - main_info - INFO: Запуск функции которая получает актуальный курс акций SP500
2025-04-30 21:31:26,710 - views.py - main_info - INFO: Успех! Получен отфильтрованный json файл по заданным параметрам
2025-04-30 21:32:16,128 - views.py - main_info - INFO: Запуск функции главной страницы с заданными параметрами
2025-04-30 21:32:16,756 - views.py - main_info - INFO: Запуск функции приветствия
2025-04-30 21:32:16,757 - views.py - main_info - INFO: Запуск функции со списком карт по которым были расходы
2025-04-30 21:32:16,770 - views.py - main_info - INFO: Запуск функции по топ-транзакциям
2025-04-30 21:32:16,779 - views.py - main_info - INFO: Запуск функции которая получает актуальный курс валют
2025-04-30 21:32:17,809 - views.py - main_info - INFO: Запуск функции которая получает актуальный курс акций SP500
2025-04-30 21:32:18,664 - views.py - main_info - INFO: Успех! Получен отфильтрованный json файл по заданным параметрам
2025-04-30 21:49:46,786 - views.py - main_info - INFO: Запуск функции главной страницы с заданными параметрами
2025-04-30 21:49:47,414 - views.py - main_info - INFO: Запуск функции приветствия
2025-04-30 21:49:47,414 - views.py - main_info - INFO: Запуск функции со списком карт по которым были расходы
2025-04-30 21:49:47,426 - views.py - main_info - INFO: Запуск функции по топ-транзакциям
2025-04-30 21:49:47,435 - views.py - main_info - INFO: Запуск функции которая получает актуальный курс валют
2025-04-30 21:49:48,650 - views.py - main_info - INFO: Запуск функции которая получает актуальный курс акций SP500
2025-04-30 21:49:49,507 - views.py - main_info - INFO: Успех! Получен отфильтрованный json файл по заданным параметрам
2025-05-01 00:54:49,636 - views.py - main_info - INFO: Запуск функции главной страницы с заданными параметрами
2025-05-01 00:54:49,636 - views.py - main_info - INFO: Запуск функции приветствия
2025-05-01 00:54:49,637 - views.py - main_info - INFO: Запуск функции со списком карт по которым были расходы
2025-05-01 00:54:49,637 - views.py - main_info - INFO: Запуск функции по топ-транзакциям
2025-05-01 00:54:49,637 - views.py - main_info - INFO: Запуск функции которая получает актуальный курс валют
2025-05-01 00:54:49,637 - views.py - main_info - INFO: Запуск функции которая получает актуальный курс акций SP500
2025-05-01 00:54:49,637 - views.py - main_info - INFO: Успех! Получен отфильтрованный json файл по заданным параметрам
2025-05-01 00:54:49,640 - views.py - main_info - INFO: Запуск функции главной страницы с заданными параметрами
2025-05-01 00:54:49,640 - views.py - main_info - INFO: Запуск функции приветствия
2025-05-01 00:54:49,640 - views.py - main_info - INFO: Запуск функции со списком карт по которым были расходы
2025-05-01 00:54:49,640 - views.py - main_info - INFO: Запуск функции по топ-транзакциям
2025-05-01 00:54:49,640 - views.py - main_info - INFO: Запуск функции которая получает актуальный курс валют
2025-05-01 00:54:49,640 - views.py - main_info - INFO: Запуск функции которая получает актуальный курс акций SP500
2025-05-01 00:54:49,640 - views.py - main_info - INFO: Успех! Получен отфильтрованный json файл по заданным параметрам
2025-05-01 00:54:49,642 - views.py - main_info - INFO: Запуск функции главной страницы с заданными параметрами
2025-05-01 00:55:10,562 - views.py - main_info - INFO: Запуск функции главной страницы с заданными параметрами
2025-05-01 00:55:10,563 - views.py - main_info - INFO: Запуск функции приветствия
2025-05-01 00:55:10,563 - views.py - main_info - INFO: Запуск функции со списком карт по которым были расходы
2025-05-01 00:55:10,563 - views.py - main_info - INFO: Запуск функции по топ-транзакциям
2025-05-01 00:55:10,563 - views.py - main_info - INFO: Запуск функции которая получает актуальный курс валют
2025-05-01 00:55:10,563 - views.py - main_info - INFO: Запуск функции которая получает актуальный курс акций SP500
2025-05-01 00:55:10,564 - views.py - main_info - INFO: Успех! Получен отфильтрованный json файл по заданным параметрам
2025-05-01 00:55:10,567 - views.py - main_info - INFO: Запуск функции главной страницы с заданными параметрами
2025-05-01 00:55:10,567 - views.py - main_info - INFO: Запуск функции приветствия
2025-05-01 00:55:10,567 - views.py - main_info - INFO: Запуск функции со списком карт по которым были расходы
2025-05-01 00:55:10,567 - views.py - main_info - INFO: Запуск функции по топ-транзакциям
2025-05-01 00:55:10,567 - views.py - main_info - INFO: Запуск функции которая получает актуальный курс валют
2025-05-01 00:55:10,568 - views.py - main_info - INFO: Запуск функции которая получает актуальный курс акций SP500
2025-05-01 00:55:10,568 - views.py - main_info - INFO: Успех! Получен отфильтрованный json файл по заданным параметрам
2025-05-01 00:55:10,570 - views.py - main_info - INFO: Запуск функции главной страницы с заданными параметрами
2025-05-01 00:57:25,775 - views.py - main_info - INFO: Запуск функции главной страницы с заданными параметрами
2025-05-01 00:57:25,776 - views.py - main_info - INFO: Запуск функции приветствия
2025-05-01 00:57:25,776 - views.py - main_info - INFO: Запуск функции со списком карт по которым были расходы
2025-05-01 00:57:25,776 - views.py - main_info - INFO: Запуск функции по топ-транзакциям
2025-05-01 00:57:25,776 - views.py - main_info - INFO: Запуск функции которая получает актуальный курс валют
2025-05-01 00:57:25,776 - views.py - main_info - INFO: Запуск функции которая получает актуальный курс акций SP500
2025-05-01 00:57:25,776 - views.py - main_info - INFO: Успех! Получен отфильтрованный json файл по заданным параметрам
2025-05-01 00:57:25,779 - views.py - main_info - INFO: Запуск функции главной страницы с заданными параметрами
2025-05-01 00:57:25,779 - views.py - main_info - INFO: Запуск функции приветствия
2025-05-01 00:57:25,779 - views.py - main_info - INFO: Запуск функции со списком карт по которым были расходы
2025-05-01 00:57:25,779 - views.py - main_info - INFO: Запуск функции по топ-транзакциям
2025-05-01 00:57:25,779 - views.py - main_info - INFO: Запуск функции которая получает актуальный курс валют
2025-05-01 00:57:25,779 - views.py - main_info - INFO: Запуск функции которая получает актуальный курс акций SP500
2025-05-01 00:57:25,779 - views.py - main_info - INFO: Успех! Получен отфильтрованный json файл по заданным параметрам
2025-05-01 00:57:25,781 - views.py - main_info - INFO: Запуск функции главной страницы с заданными параметрами
